0 verbose cli /usr/local/bin/node /usr/local/bin/npm
1 info using npm@11.6.1
2 info using node@v24.11.0
3 silly config load:file:/usr/local/lib/node_modules/npm/npmrc
4 silly config load:file:/Users/anandkumar/roomefy/.npmrc
5 silly config load:file:/Users/anandkumar/.npmrc
6 silly config load:file:/usr/local/etc/npmrc
7 verbose title npm install uploadthing @uploadthing/react
8 verbose argv "install" "uploadthing" "@uploadthing/react" "--cache" "./npm-cache-local" "--prefer-offline"
9 verbose logfile logs-max:10 dir:/Users/anandkumar/roomefy/npm-cache-local/_logs/2026-04-08T05_13_43_652Z-
10 verbose logfile /Users/anandkumar/roomefy/npm-cache-local/_logs/2026-04-08T05_13_43_652Z-debug-0.log
11 silly logfile done cleaning log files
12 silly packumentCache heap:2348810240 maxSize:587202560 maxEntrySize:293601280
13 verbose shrinkwrap failed to load node_modules/.package-lock.json out of date, updated: node_modules
14 silly idealTree buildDeps
15 silly fetch manifest uploadthing@*
16 silly packumentCache full:https://registry.npmjs.org/uploadthing cache-miss
17 http fetch GET 200 https://registry.npmjs.org/uploadthing 368ms (cache miss)
18 silly packumentCache full:https://registry.npmjs.org/uploadthing set size:undefined disposed:false
19 silly fetch manifest express@*
20 silly packumentCache full:https://registry.npmjs.org/express cache-miss
21 http fetch GET 200 https://registry.npmjs.org/npm 544ms
22 http fetch GET 200 https://registry.npmjs.org/express 76ms (cache miss)
23 silly packumentCache full:https://registry.npmjs.org/express set size:undefined disposed:false
24 silly fetch manifest h3@*
25 silly packumentCache full:https://registry.npmjs.org/h3 cache-miss
26 http fetch GET 200 https://registry.npmjs.org/h3 83ms (cache miss)
27 silly packumentCache full:https://registry.npmjs.org/h3 set size:undefined disposed:false
28 silly fetch manifest crossws@^0.4.1
29 silly packumentCache full:https://registry.npmjs.org/crossws cache-miss
30 http fetch GET 200 https://registry.npmjs.org/crossws 419ms (cache miss)
31 silly packumentCache full:https://registry.npmjs.org/crossws set size:undefined disposed:false
32 silly fetch manifest srvx@>=0.7.1
33 silly packumentCache full:https://registry.npmjs.org/srvx cache-miss
34 http fetch GET 200 https://registry.npmjs.org/srvx 66ms (cache miss)
35 silly packumentCache full:https://registry.npmjs.org/srvx set size:undefined disposed:false
36 silly fetch manifest tailwindcss@^4
37 silly packumentCache full:https://registry.npmjs.org/tailwindcss cache-miss
38 http fetch GET 200 https://registry.npmjs.org/tailwindcss 238ms (cache miss)
39 silly packumentCache full:https://registry.npmjs.org/tailwindcss set size:undefined disposed:false
40 silly fetch manifest @uploadthing/react@*
41 silly packumentCache full:https://registry.npmjs.org/@uploadthing%2freact cache-miss
42 http fetch GET 200 https://registry.npmjs.org/@uploadthing%2freact 888ms (cache miss)
43 silly packumentCache full:https://registry.npmjs.org/@uploadthing%2freact set size:undefined disposed:false
44 silly fetch manifest next@16.2.1
45 silly packumentCache full:https://registry.npmjs.org/next cache-miss
46 http fetch GET 200 https://registry.npmjs.org/next 314ms (cache miss)
47 silly packumentCache full:https://registry.npmjs.org/next set size:undefined disposed:false
48 silly fetch manifest @opentelemetry/api@^1.1.0
49 silly packumentCache full:https://registry.npmjs.org/@opentelemetry%2fapi cache-miss
50 http fetch GET 200 https://registry.npmjs.org/@opentelemetry%2fapi 69ms (cache miss)
51 silly packumentCache full:https://registry.npmjs.org/@opentelemetry%2fapi set size:undefined disposed:false
52 silly fetch manifest @playwright/test@^1.51.1
53 silly packumentCache full:https://registry.npmjs.org/@playwright%2ftest cache-miss
54 http fetch GET 200 https://registry.npmjs.org/@playwright%2ftest 332ms (cache miss)
55 silly packumentCache full:https://registry.npmjs.org/@playwright%2ftest set size:undefined disposed:false
56 silly fetch manifest babel-plugin-react-compiler@*
57 silly packumentCache full:https://registry.npmjs.org/babel-plugin-react-compiler cache-miss
58 http fetch GET 200 https://registry.npmjs.org/babel-plugin-react-compiler 77ms (cache miss)
59 silly packumentCache full:https://registry.npmjs.org/babel-plugin-react-compiler set size:undefined disposed:false
60 silly fetch manifest react@19.2.4
61 silly packumentCache full:https://registry.npmjs.org/react cache-miss
62 http fetch GET 200 https://registry.npmjs.org/react 220ms (cache miss)
63 silly packumentCache full:https://registry.npmjs.org/react set size:undefined disposed:false
64 silly fetch manifest react-dom@19.2.4
65 silly packumentCache full:https://registry.npmjs.org/react-dom cache-miss
66 http fetch GET 200 https://registry.npmjs.org/react-dom 220ms (cache miss)
67 silly packumentCache full:https://registry.npmjs.org/react-dom set size:undefined disposed:false
68 silly fetch manifest sass@^1.3.0
69 silly packumentCache full:https://registry.npmjs.org/sass cache-miss
70 http fetch GET 200 https://registry.npmjs.org/sass 69ms (cache miss)
71 silly packumentCache full:https://registry.npmjs.org/sass set size:undefined disposed:false
72 silly placeDep ROOT @uploadthing/react@7.3.3 OK for: roomefy@0.1.0 want: *
73 silly placeDep ROOT uploadthing@7.7.4 OK for: @uploadthing/react@7.3.3 want: ^7.2.0
74 silly placeDep ROOT uploadthing@7.7.4 REPLACE for: roomefy@0.1.0 want: *
75 silly fetch manifest @uploadthing/shared@7.1.10
76 silly packumentCache full:https://registry.npmjs.org/@uploadthing%2fshared cache-miss
77 silly fetch manifest file-selector@0.6.0
78 silly packumentCache full:https://registry.npmjs.org/file-selector cache-miss
79 silly fetch manifest @effect/platform@0.90.3
80 silly packumentCache full:https://registry.npmjs.org/@effect%2fplatform cache-miss
81 silly fetch manifest @standard-schema/spec@1.0.0-beta.4
82 silly packumentCache full:https://registry.npmjs.org/@standard-schema%2fspec cache-miss
83 silly fetch manifest @uploadthing/mime-types@0.3.6
84 silly packumentCache full:https://registry.npmjs.org/@uploadthing%2fmime-types cache-miss
85 silly fetch manifest @uploadthing/shared@7.1.10
86 silly packumentCache full:https://registry.npmjs.org/@uploadthing%2fshared cache-miss
87 silly fetch manifest effect@3.17.7
88 silly packumentCache full:https://registry.npmjs.org/effect cache-miss
89 http fetch GET 200 https://registry.npmjs.org/file-selector 62ms (cache miss)
90 silly packumentCache full:https://registry.npmjs.org/file-selector set size:undefined disposed:false
91 silly fetch manifest @effect/platform@0.90.3
92 silly packumentCache full:https://registry.npmjs.org/@effect%2fplatform cache-miss
93 http fetch GET 200 https://registry.npmjs.org/@standard-schema%2fspec 260ms (cache miss)
94 silly packumentCache full:https://registry.npmjs.org/@standard-schema%2fspec set size:undefined disposed:false
95 silly fetch manifest @uploadthing/mime-types@0.3.6
96 silly packumentCache full:https://registry.npmjs.org/@uploadthing%2fmime-types cache-miss
97 http fetch GET 200 https://registry.npmjs.org/@uploadthing%2fshared 658ms (cache miss)
98 silly packumentCache full:https://registry.npmjs.org/@uploadthing%2fshared set size:undefined disposed:false
99 silly fetch manifest effect@3.17.7
100 silly packumentCache full:https://registry.npmjs.org/effect cache-miss
101 http fetch GET 200 https://registry.npmjs.org/@uploadthing%2fshared 682ms (cache miss)
102 silly packumentCache full:https://registry.npmjs.org/@uploadthing%2fshared set size:undefined disposed:false
103 http fetch GET 200 https://registry.npmjs.org/@uploadthing%2fmime-types 694ms (cache miss)
104 silly packumentCache full:https://registry.npmjs.org/@uploadthing%2fmime-types set size:undefined disposed:false
105 http fetch GET 200 https://registry.npmjs.org/@effect%2fplatform 721ms (cache miss)
106 silly packumentCache full:https://registry.npmjs.org/@effect%2fplatform set size:undefined disposed:false
107 http fetch GET 200 https://registry.npmjs.org/@effect%2fplatform 834ms (cache miss)
108 silly packumentCache full:https://registry.npmjs.org/@effect%2fplatform set size:undefined disposed:false
109 http fetch GET 200 https://registry.npmjs.org/effect 883ms (cache miss)
110 silly packumentCache full:https://registry.npmjs.org/effect set size:undefined disposed:false
111 http fetch GET 200 https://registry.npmjs.org/@uploadthing%2fmime-types 1017ms (cache miss)
112 silly packumentCache full:https://registry.npmjs.org/@uploadthing%2fmime-types set size:undefined disposed:false
113 http fetch GET 200 https://registry.npmjs.org/effect 730ms (cache miss)
114 silly packumentCache full:https://registry.npmjs.org/effect set size:undefined disposed:false
115 silly placeDep ROOT @uploadthing/shared@7.1.10 OK for: @uploadthing/react@7.3.3 want: 7.1.10
116 silly placeDep ROOT file-selector@0.6.0 OK for: @uploadthing/react@7.3.3 want: 0.6.0
117 silly fetch manifest sqids@^0.3.0
118 silly packumentCache full:https://registry.npmjs.org/sqids cache-miss
119 http fetch GET 200 https://registry.npmjs.org/sqids 88ms (cache miss)
120 silly packumentCache full:https://registry.npmjs.org/sqids set size:undefined disposed:false
121 silly placeDep ROOT @uploadthing/mime-types@0.3.6 OK for: @uploadthing/shared@7.1.10 want: 0.3.6
122 silly placeDep node_modules/@uploadthing/shared effect@3.17.7 OK for: @uploadthing/shared@7.1.10 want: 3.17.7
123 silly placeDep ROOT sqids@0.3.0 OK for: @uploadthing/shared@7.1.10 want: ^0.3.0
124 silly placeDep ROOT @effect/platform@0.90.3 OK for: uploadthing@7.7.4 want: 0.90.3
125 silly placeDep node_modules/uploadthing @standard-schema/spec@1.0.0-beta.4 OK for: uploadthing@7.7.4 want: 1.0.0-beta.4
126 silly placeDep node_modules/uploadthing effect@3.17.7 OK for: uploadthing@7.7.4 want: 3.17.7
127 silly fetch manifest msgpackr@^1.11.4
128 silly packumentCache full:https://registry.npmjs.org/msgpackr cache-miss
129 silly fetch manifest multipasta@^0.2.7
130 silly packumentCache full:https://registry.npmjs.org/multipasta cache-miss
131 silly fetch manifest find-my-way-ts@^0.1.6
132 silly packumentCache full:https://registry.npmjs.org/find-my-way-ts cache-miss
133 silly fetch manifest @opentelemetry/semantic-conventions@^1.33.0
134 silly packumentCache full:https://registry.npmjs.org/@opentelemetry%2fsemantic-conventions cache-miss
135 silly fetch manifest @standard-schema/spec@^1.0.0
136 silly packumentCache full:https://registry.npmjs.org/@standard-schema%2fspec cache-miss
137 http cache https://registry.npmjs.org/@standard-schema%2fspec 5ms (cache hit)
138 silly packumentCache full:https://registry.npmjs.org/@standard-schema%2fspec set size:27284 disposed:false
139 http fetch GET 200 https://registry.npmjs.org/multipasta 43ms (cache miss)
140 silly packumentCache full:https://registry.npmjs.org/multipasta set size:undefined disposed:false
141 http fetch GET 200 https://registry.npmjs.org/find-my-way-ts 46ms (cache miss)
142 silly packumentCache full:https://registry.npmjs.org/find-my-way-ts set size:undefined disposed:false
143 http fetch GET 200 https://registry.npmjs.org/msgpackr 69ms (cache miss)
144 silly packumentCache full:https://registry.npmjs.org/msgpackr set size:undefined disposed:false
145 http fetch GET 200 https://registry.npmjs.org/@opentelemetry%2fsemantic-conventions 365ms (cache miss)
146 silly packumentCache full:https://registry.npmjs.org/@opentelemetry%2fsemantic-conventions set size:undefined disposed:false
147 silly placeDep ROOT @opentelemetry/semantic-conventions@1.40.0 OK for: @effect/platform@0.90.3 want: ^1.33.0
148 silly placeDep ROOT find-my-way-ts@0.1.6 OK for: @effect/platform@0.90.3 want: ^0.1.6
149 silly placeDep ROOT msgpackr@1.11.9 OK for: @effect/platform@0.90.3 want: ^1.11.4
150 silly placeDep ROOT multipasta@0.2.7 OK for: @effect/platform@0.90.3 want: ^0.2.7
151 silly fetch manifest msgpackr-extract@^3.0.2
152 silly packumentCache full:https://registry.npmjs.org/msgpackr-extract cache-miss
153 http fetch GET 200 https://registry.npmjs.org/msgpackr-extract 87ms (cache miss)
154 silly packumentCache full:https://registry.npmjs.org/msgpackr-extract set size:undefined disposed:false
155 silly placeDep ROOT msgpackr-extract@3.0.3 OK for: msgpackr@1.11.9 want: ^3.0.2
156 silly fetch manifest node-gyp-build-optional-packages@5.2.2
157 silly packumentCache full:https://registry.npmjs.org/node-gyp-build-optional-packages cache-miss
158 silly fetch manifest @msgpackr-extract/msgpackr-extract-darwin-arm64@3.0.3
159 silly packumentCache full:https://registry.npmjs.org/@msgpackr-extract%2fmsgpackr-extract-darwin-arm64 cache-miss
160 silly fetch manifest @msgpackr-extract/msgpackr-extract-darwin-x64@3.0.3
161 silly packumentCache full:https://registry.npmjs.org/@msgpackr-extract%2fmsgpackr-extract-darwin-x64 cache-miss
162 silly fetch manifest @msgpackr-extract/msgpackr-extract-linux-arm@3.0.3
163 silly packumentCache full:https://registry.npmjs.org/@msgpackr-extract%2fmsgpackr-extract-linux-arm cache-miss
164 silly fetch manifest @msgpackr-extract/msgpackr-extract-linux-arm64@3.0.3
165 silly packumentCache full:https://registry.npmjs.org/@msgpackr-extract%2fmsgpackr-extract-linux-arm64 cache-miss
166 silly fetch manifest @msgpackr-extract/msgpackr-extract-linux-x64@3.0.3
167 silly packumentCache full:https://registry.npmjs.org/@msgpackr-extract%2fmsgpackr-extract-linux-x64 cache-miss
168 silly fetch manifest @msgpackr-extract/msgpackr-extract-win32-x64@3.0.3
169 silly packumentCache full:https://registry.npmjs.org/@msgpackr-extract%2fmsgpackr-extract-win32-x64 cache-miss
170 http fetch GET 200 https://registry.npmjs.org/node-gyp-build-optional-packages 51ms (cache miss)
171 silly packumentCache full:https://registry.npmjs.org/node-gyp-build-optional-packages set size:undefined disposed:false
172 http fetch GET 200 https://registry.npmjs.org/@msgpackr-extract%2fmsgpackr-extract-linux-arm64 68ms (cache miss)
173 silly packumentCache full:https://registry.npmjs.org/@msgpackr-extract%2fmsgpackr-extract-linux-arm64 set size:undefined disposed:false
174 http fetch GET 200 https://registry.npmjs.org/@msgpackr-extract%2fmsgpackr-extract-win32-x64 68ms (cache miss)
175 silly packumentCache full:https://registry.npmjs.org/@msgpackr-extract%2fmsgpackr-extract-win32-x64 set size:undefined disposed:false
176 http fetch GET 200 https://registry.npmjs.org/@msgpackr-extract%2fmsgpackr-extract-darwin-arm64 69ms (cache miss)
177 silly packumentCache full:https://registry.npmjs.org/@msgpackr-extract%2fmsgpackr-extract-darwin-arm64 set size:undefined disposed:false
178 http fetch GET 200 https://registry.npmjs.org/@msgpackr-extract%2fmsgpackr-extract-linux-arm 69ms (cache miss)
179 silly packumentCache full:https://registry.npmjs.org/@msgpackr-extract%2fmsgpackr-extract-linux-arm set size:undefined disposed:false
180 http fetch GET 200 https://registry.npmjs.org/@msgpackr-extract%2fmsgpackr-extract-darwin-x64 72ms (cache miss)
181 silly packumentCache full:https://registry.npmjs.org/@msgpackr-extract%2fmsgpackr-extract-darwin-x64 set size:undefined disposed:false
182 http fetch GET 200 https://registry.npmjs.org/@msgpackr-extract%2fmsgpackr-extract-linux-x64 88ms (cache miss)
183 silly packumentCache full:https://registry.npmjs.org/@msgpackr-extract%2fmsgpackr-extract-linux-x64 set size:undefined disposed:false
184 silly placeDep ROOT @msgpackr-extract/msgpackr-extract-darwin-arm64@3.0.3 OK for: msgpackr-extract@3.0.3 want: 3.0.3
185 silly placeDep ROOT @msgpackr-extract/msgpackr-extract-darwin-x64@3.0.3 OK for: msgpackr-extract@3.0.3 want: 3.0.3
186 silly placeDep ROOT @msgpackr-extract/msgpackr-extract-linux-arm@3.0.3 OK for: msgpackr-extract@3.0.3 want: 3.0.3
187 silly placeDep ROOT @msgpackr-extract/msgpackr-extract-linux-arm64@3.0.3 OK for: msgpackr-extract@3.0.3 want: 3.0.3
188 silly placeDep ROOT @msgpackr-extract/msgpackr-extract-linux-x64@3.0.3 OK for: msgpackr-extract@3.0.3 want: 3.0.3
189 silly placeDep ROOT @msgpackr-extract/msgpackr-extract-win32-x64@3.0.3 OK for: msgpackr-extract@3.0.3 want: 3.0.3
190 silly placeDep ROOT node-gyp-build-optional-packages@5.2.2 OK for: msgpackr-extract@3.0.3 want: 5.2.2
191 silly placeDep node_modules/uploadthing/node_modules/effect @standard-schema/spec@1.1.0 OK for: effect@3.17.7 want: ^1.0.0
192 silly reify moves {}
193 verbose reify failed optional dependency /Users/anandkumar/roomefy/node_modules/@tailwindcss/oxide-wasm32-wasi
194 silly reify mark deleted [
194 silly reify   '/Users/anandkumar/roomefy/node_modules/@tailwindcss/oxide-wasm32-wasi'
194 silly reify ]
195 silly audit bulk request {
195 silly audit   '@alloc/quick-lru': [ '5.2.0' ],
195 silly audit   '@babel/code-frame': [ '7.29.0' ],
195 silly audit   '@babel/compat-data': [ '7.29.0' ],
195 silly audit   '@babel/core': [ '7.29.0' ],
195 silly audit   '@babel/generator': [ '7.29.1' ],
195 silly audit   '@babel/helper-compilation-targets': [ '7.28.6' ],
195 silly audit   '@babel/helper-globals': [ '7.28.0' ],
195 silly audit   '@babel/helper-module-imports': [ '7.28.6' ],
195 silly audit   '@babel/helper-module-transforms': [ '7.28.6' ],
195 silly audit   '@babel/helper-string-parser': [ '7.27.1' ],
195 silly audit   '@babel/helper-validator-identifier': [ '7.28.5' ],
195 silly audit   '@babel/helper-validator-option': [ '7.27.1' ],
195 silly audit   '@babel/helpers': [ '7.29.2' ],
195 silly audit   '@babel/parser': [ '7.29.2' ],
195 silly audit   '@babel/runtime': [ '7.29.2' ],
195 silly audit   '@babel/template': [ '7.28.6' ],
195 silly audit   '@babel/traverse': [ '7.29.0' ],
195 silly audit   '@babel/types': [ '7.29.0' ],
195 silly audit   '@emnapi/core': [ '1.9.1' ],
195 silly audit   '@emnapi/runtime': [ '1.9.1' ],
195 silly audit   '@emnapi/wasi-threads': [ '1.2.0' ],
195 silly audit   '@esbuild/aix-ppc64': [ '0.27.4' ],
195 silly audit   '@esbuild/android-arm': [ '0.27.4' ],
195 silly audit   '@esbuild/android-arm64': [ '0.27.4' ],
195 silly audit   '@esbuild/android-x64': [ '0.27.4' ],
195 silly audit   '@esbuild/darwin-arm64': [ '0.27.4' ],
195 silly audit   '@esbuild/darwin-x64': [ '0.27.4' ],
195 silly audit   '@esbuild/freebsd-arm64': [ '0.27.4' ],
195 silly audit   '@esbuild/freebsd-x64': [ '0.27.4' ],
195 silly audit   '@esbuild/linux-arm': [ '0.27.4' ],
195 silly audit   '@esbuild/linux-arm64': [ '0.27.4' ],
195 silly audit   '@esbuild/linux-ia32': [ '0.27.4' ],
195 silly audit   '@esbuild/linux-loong64': [ '0.27.4' ],
195 silly audit   '@esbuild/linux-mips64el': [ '0.27.4' ],
195 silly audit   '@esbuild/linux-ppc64': [ '0.27.4' ],
195 silly audit   '@esbuild/linux-riscv64': [ '0.27.4' ],
195 silly audit   '@esbuild/linux-s390x': [ '0.27.4' ],
195 silly audit   '@esbuild/linux-x64': [ '0.27.4' ],
195 silly audit   '@esbuild/netbsd-arm64': [ '0.27.4' ],
195 silly audit   '@esbuild/netbsd-x64': [ '0.27.4' ],
195 silly audit   '@esbuild/openbsd-arm64': [ '0.27.4' ],
195 silly audit   '@esbuild/openbsd-x64': [ '0.27.4' ],
195 silly audit   '@esbuild/openharmony-arm64': [ '0.27.4' ],
195 silly audit   '@esbuild/sunos-x64': [ '0.27.4' ],
195 silly audit   '@esbuild/win32-arm64': [ '0.27.4' ],
195 silly audit   '@esbuild/win32-ia32': [ '0.27.4' ],
195 silly audit   '@esbuild/win32-x64': [ '0.27.4' ],
195 silly audit   '@eslint-community/eslint-utils': [ '4.9.1' ],
195 silly audit   'eslint-visitor-keys': [ '3.4.3', '5.0.1', '4.2.1' ],
195 silly audit   '@eslint-community/regexpp': [ '4.12.2' ],
195 silly audit   '@eslint/config-array': [ '0.21.2' ],
195 silly audit   '@eslint/config-helpers': [ '0.4.2' ],
195 silly audit   '@eslint/core': [ '0.17.0' ],
195 silly audit   '@eslint/eslintrc': [ '3.3.5' ],
195 silly audit   '@eslint/js': [ '9.39.4' ],
195 silly audit   '@eslint/object-schema': [ '2.1.7' ],
195 silly audit   '@eslint/plugin-kit': [ '0.4.1' ],
195 silly audit   '@humanfs/core': [ '0.19.1' ],
195 silly audit   '@humanfs/node': [ '0.16.7' ],
195 silly audit   '@humanwhocodes/module-importer': [ '1.0.1' ],
195 silly audit   '@humanwhocodes/retry': [ '0.4.3' ],
195 silly audit   '@img/colour': [ '1.1.0' ],
195 silly audit   '@img/sharp-darwin-arm64': [ '0.34.5' ],
195 silly audit   '@img/sharp-darwin-x64': [ '0.34.5' ],
195 silly audit   '@img/sharp-libvips-darwin-arm64': [ '1.2.4' ],
195 silly audit   '@img/sharp-libvips-darwin-x64': [ '1.2.4' ],
195 silly audit   '@img/sharp-libvips-linux-arm': [ '1.2.4' ],
195 silly audit   '@img/sharp-libvips-linux-arm64': [ '1.2.4' ],
195 silly audit   '@img/sharp-libvips-linux-ppc64': [ '1.2.4' ],
195 silly audit   '@img/sharp-libvips-linux-riscv64': [ '1.2.4' ],
195 silly audit   '@img/sharp-libvips-linux-s390x': [ '1.2.4' ],
195 silly audit   '@img/sharp-libvips-linux-x64': [ '1.2.4' ],
195 silly audit   '@img/sharp-libvips-linuxmusl-arm64': [ '1.2.4' ],
195 silly audit   '@img/sharp-libvips-linuxmusl-x64': [ '1.2.4' ],
195 silly audit   '@img/sharp-linux-arm': [ '0.34.5' ],
195 silly audit   '@img/sharp-linux-arm64': [ '0.34.5' ],
195 silly audit   '@img/sharp-linux-ppc64': [ '0.34.5' ],
195 silly audit   '@img/sharp-linux-riscv64': [ '0.34.5' ],
195 silly audit   '@img/sharp-linux-s390x': [ '0.34.5' ],
195 silly audit   '@img/sharp-linux-x64': [ '0.34.5' ],
195 silly audit   '@img/sharp-linuxmusl-arm64': [ '0.34.5' ],
195 silly audit   '@img/sharp-linuxmusl-x64': [ '0.34.5' ],
195 silly audit   '@img/sharp-wasm32': [ '0.34.5' ],
195 silly audit   '@img/sharp-win32-arm64': [ '0.34.5' ],
195 silly audit   '@img/sharp-win32-ia32': [ '0.34.5' ],
195 silly audit   '@img/sharp-win32-x64': [ '0.34.5' ],
195 silly audit   '@jridgewell/gen-mapping': [ '0.3.13' ],
195 silly audit   '@jridgewell/remapping': [ '2.3.5' ],
195 silly audit   '@jridgewell/resolve-uri': [ '3.1.2' ],
195 silly audit   '@jridgewell/sourcemap-codec': [ '1.5.5' ],
195 silly audit   '@jridgewell/trace-mapping': [ '0.3.31' ],
195 silly audit   '@kurkle/color': [ '0.3.4' ],
195 silly audit   '@napi-rs/wasm-runtime': [ '0.2.12' ],
195 silly audit   '@next/env': [ '16.2.1' ],
195 silly audit   '@next/eslint-plugin-next': [ '16.2.1' ],
195 silly audit   '@next/swc-darwin-arm64': [ '16.2.1' ],
195 silly audit   '@next/swc-darwin-x64': [ '16.2.1' ],
195 silly audit   '@next/swc-linux-arm64-gnu': [ '16.2.1' ],
195 silly audit   '@next/swc-linux-arm64-musl': [ '16.2.1' ],
195 silly audit   '@next/swc-linux-x64-gnu': [ '16.2.1' ],
195 silly audit   '@next/swc-linux-x64-musl': [ '16.2.1' ],
195 silly audit   '@next/swc-win32-arm64-msvc': [ '16.2.1' ],
195 silly audit   '@next/swc-win32-x64-msvc': [ '16.2.1' ],
195 silly audit   '@nodelib/fs.scandir': [ '2.1.5' ],
195 silly audit   '@nodelib/fs.stat': [ '2.0.5' ],
195 silly audit   '@nodelib/fs.walk': [ '1.2.8' ],
195 silly audit   '@nolyfill/is-core-module': [ '1.0.39' ],
195 silly audit   '@panva/hkdf': [ '1.2.1' ],
195 silly audit   '@prisma/adapter-better-sqlite3': [ '7.6.0' ],
195 silly audit   '@prisma/client': [ '6.19.2' ],
195 silly audit   '@prisma/config': [ '6.19.2' ],
195 silly audit   '@prisma/debug': [ '7.6.0', '6.19.2' ],
195 silly audit   '@prisma/driver-adapter-utils': [ '7.6.0' ],
195 silly audit   '@prisma/engines': [ '6.19.2' ],
195 silly audit   '@prisma/engines-version': [ '7.1.1-3.c2990dca591cba766e3b7ef5d9e8a84796e47ab7' ],
195 silly audit   '@prisma/fetch-engine': [ '6.19.2' ],
195 silly audit   '@prisma/get-platform': [ '6.19.2' ],
195 silly audit   '@rtsao/scc': [ '1.1.0' ],
195 silly audit   '@standard-schema/spec': [ '1.1.0', '1.0.0-beta.4' ],
195 silly audit   '@swc/helpers': [ '0.5.15' ],
195 silly audit   '@tailwindcss/node': [ '4.2.2' ],
195 silly audit   '@tailwindcss/oxide': [ '4.2.2' ],
195 silly audit   '@tailwindcss/oxide-android-arm64': [ '4.2.2' ],
195 silly audit   '@tailwindcss/oxide-darwin-arm64': [ '4.2.2' ],
195 silly audit   '@tailwindcss/oxide-darwin-x64': [ '4.2.2' ],
195 silly audit   '@tailwindcss/oxide-freebsd-x64': [ '4.2.2' ],
195 silly audit   '@tailwindcss/oxide-linux-arm-gnueabihf': [ '4.2.2' ],
195 silly audit   '@tailwindcss/oxide-linux-arm64-gnu': [ '4.2.2' ],
195 silly audit   '@tailwindcss/oxide-linux-arm64-musl': [ '4.2.2' ],
195 silly audit   '@tailwindcss/oxide-linux-x64-gnu': [ '4.2.2' ],
195 silly audit   '@tailwindcss/oxide-linux-x64-musl': [ '4.2.2' ],
195 silly audit   '@tailwindcss/oxide-win32-arm64-msvc': [ '4.2.2' ],
195 silly audit   '@tailwindcss/oxide-win32-x64-msvc': [ '4.2.2' ],
195 silly audit   '@tailwindcss/postcss': [ '4.2.2' ],
195 silly audit   '@tybys/wasm-util': [ '0.10.1' ],
195 silly audit   '@types/bcryptjs': [ '2.4.6' ],
195 silly audit   '@types/better-sqlite3': [ '7.6.13' ],
195 silly audit   '@types/estree': [ '1.0.8' ],
195 silly audit   '@types/json-schema': [ '7.0.15' ],
195 silly audit   '@types/json5': [ '0.0.29' ],
195 silly audit   '@types/node': [ '20.19.37' ],
195 silly audit   '@types/react': [ '19.2.14' ],
195 silly audit   '@types/react-dom': [ '19.2.3' ],
195 silly audit   '@typescript-eslint/eslint-plugin': [ '8.57.2' ],
195 silly audit   ignore: [ '7.0.5', '5.3.2' ],
195 silly audit   '@typescript-eslint/parser': [ '8.57.2' ],
195 silly audit   '@typescript-eslint/project-service': [ '8.57.2' ],
195 silly audit   '@typescript-eslint/scope-manager': [ '8.57.2' ],
195 silly audit   '@typescript-eslint/tsconfig-utils': [ '8.57.2' ],
195 silly audit   '@typescript-eslint/type-utils': [ '8.57.2' ],
195 silly audit   '@typescript-eslint/types': [ '8.57.2' ],
195 silly audit   '@typescript-eslint/typescript-estree': [ '8.57.2' ],
195 silly audit   'balanced-match': [ '4.0.4', '1.0.2' ],
195 silly audit   'brace-expansion': [ '5.0.5', '1.1.13' ],
195 silly audit   minimatch: [ '10.2.4', '3.1.5' ],
195 silly audit   semver: [ '7.7.4', '6.3.1' ],
195 silly audit   '@typescript-eslint/utils': [ '8.57.2' ],
195 silly audit   '@typescript-eslint/visitor-keys': [ '8.57.2' ],
195 silly audit   '@unrs/resolver-binding-android-arm-eabi': [ '1.11.1' ],
195 silly audit   '@unrs/resolver-binding-android-arm64': [ '1.11.1' ],
195 silly audit   '@unrs/resolver-binding-darwin-arm64': [ '1.11.1' ],
195 silly audit   '@unrs/resolver-binding-darwin-x64': [ '1.11.1' ],
195 silly audit   '@unrs/resolver-binding-freebsd-x64': [ '1.11.1' ],
195 silly audit   '@unrs/resolver-binding-linux-arm-gnueabihf': [ '1.11.1' ],
195 silly audit   '@unrs/resolver-binding-linux-arm-musleabihf': [ '1.11.1' ],
195 silly audit   '@unrs/resolver-binding-linux-arm64-gnu': [ '1.11.1' ],
195 silly audit   '@unrs/resolver-binding-linux-arm64-musl': [ '1.11.1' ],
195 silly audit   '@unrs/resolver-binding-linux-ppc64-gnu': [ '1.11.1' ],
195 silly audit   '@unrs/resolver-binding-linux-riscv64-gnu': [ '1.11.1' ],
195 silly audit   '@unrs/resolver-binding-linux-riscv64-musl': [ '1.11.1' ],
195 silly audit   '@unrs/resolver-binding-linux-s390x-gnu': [ '1.11.1' ],
195 silly audit   '@unrs/resolver-binding-linux-x64-gnu': [ '1.11.1' ],
195 silly audit   '@unrs/resolver-binding-linux-x64-musl': [ '1.11.1' ],
195 silly audit   '@unrs/resolver-binding-wasm32-wasi': [ '1.11.1' ],
195 silly audit   '@unrs/resolver-binding-win32-arm64-msvc': [ '1.11.1' ],
195 silly audit   '@unrs/resolver-binding-win32-ia32-msvc': [ '1.11.1' ],
195 silly audit   '@unrs/resolver-binding-win32-x64-msvc': [ '1.11.1' ],
195 silly audit   acorn: [ '8.16.0' ],
195 silly audit   'acorn-jsx': [ '5.3.2' ],
195 silly audit   ajv: [ '6.14.0' ],
195 silly audit   'ansi-styles': [ '4.3.0' ],
195 silly audit   argparse: [ '2.0.1' ],
195 silly audit   'aria-query': [ '5.3.2' ],
195 silly audit   'array-buffer-byte-length': [ '1.0.2' ],
195 silly audit   'array-includes': [ '3.1.9' ],
195 silly audit   'array.prototype.findlast': [ '1.2.5' ],
195 silly audit   'array.prototype.findlastindex': [ '1.2.6' ],
195 silly audit   'array.prototype.flat': [ '1.3.3' ],
195 silly audit   'array.prototype.flatmap': [ '1.3.3' ],
195 silly audit   'array.prototype.tosorted': [ '1.1.4' ],
195 silly audit   'arraybuffer.prototype.slice': [ '1.0.4' ],
195 silly audit   'ast-types-flow': [ '0.0.8' ],
195 silly audit   'async-function': [ '1.0.0' ],
195 silly audit   asynckit: [ '0.4.0' ],
195 silly audit   'available-typed-arrays': [ '1.0.7' ],
195 silly audit   'axe-core': [ '4.11.1' ],
195 silly audit   axios: [ '1.14.0' ],
195 silly audit   'axobject-query': [ '4.1.0' ],
195 silly audit   'base64-js': [ '1.5.1' ],
195 silly audit   'baseline-browser-mapping': [ '2.10.11' ],
195 silly audit   bcryptjs: [ '3.0.3' ],
195 silly audit   'better-sqlite3': [ '12.8.0' ],
195 silly audit   'bignumber.js': [ '9.3.1' ],
195 silly audit   bindings: [ '1.5.0' ],
195 silly audit   bl: [ '4.1.0' ],
195 silly audit   braces: [ '3.0.3' ],
195 silly audit   browserslist: [ '4.28.1' ],
195 silly audit   buffer: [ '5.7.1' ],
195 silly audit   c12: [ '3.1.0' ],
195 silly audit   dotenv: [ '16.6.1', '17.3.1' ],
195 silly audit   'call-bind': [ '1.0.8' ],
195 silly audit   'call-bind-apply-helpers': [ '1.0.2' ],
195 silly audit   'call-bound': [ '1.0.4' ],
195 silly audit   callsites: [ '3.1.0' ],
195 silly audit   'caniuse-lite': [ '1.0.30001781' ],
195 silly audit   chalk: [ '4.1.2' ],
195 silly audit   'chart.js': [ '4.5.1' ],
195 silly audit   chokidar: [ '4.0.3' ],
195 silly audit   chownr: [ '1.1.4' ],
195 silly audit   citty: [ '0.1.6', '0.2.1' ],
195 silly audit   'client-only': [ '0.0.1' ],
195 silly audit   'color-convert': [ '2.0.1' ],
195 silly audit   'color-name': [ '1.1.4' ],
195 silly audit   'combined-stream': [ '1.0.8' ],
195 silly audit   'concat-map': [ '0.0.1' ],
195 silly audit   confbox: [ '0.2.4' ],
195 silly audit   consola: [ '3.4.2' ],
195 silly audit   'convert-source-map': [ '2.0.0' ],
195 silly audit   cookie: [ '0.7.2' ],
195 silly audit   'cross-spawn': [ '7.0.6' ],
195 silly audit   csstype: [ '3.2.3' ],
195 silly audit   'damerau-levenshtein': [ '1.0.8' ],
195 silly audit   'data-view-buffer': [ '1.0.2' ],
195 silly audit   'data-view-byte-length': [ '1.0.2' ],
195 silly audit   'data-view-byte-offset': [ '1.0.1' ],
195 silly audit   debug: [ '4.4.3', '3.2.7' ],
195 silly audit   'decompress-response': [ '6.0.0' ],
195 silly audit   'deep-extend': [ '0.6.0' ],
195 silly audit   'deep-is': [ '0.1.4' ],
195 silly audit   'deepmerge-ts': [ '7.1.5' ],
195 silly audit   'define-data-property': [ '1.1.4' ],
195 silly audit   'define-properties': [ '1.2.1' ],
195 silly audit   defu: [ '6.1.4' ],
195 silly audit   'delayed-stream': [ '1.0.0' ],
195 silly audit   destr: [ '2.0.5' ],
195 silly audit   'detect-libc': [ '2.1.2' ],
195 silly audit   doctrine: [ '2.1.0' ],
195 silly audit   'dunder-proto': [ '1.0.1' ],
195 silly audit   effect: [ '3.18.4', '3.17.7' ],
195 silly audit   'electron-to-chromium': [ '1.5.328' ],
195 silly audit   'emoji-regex': [ '9.2.2' ],
195 silly audit   empathic: [ '2.0.0' ],
195 silly audit   'end-of-stream': [ '1.4.5' ],
195 silly audit   'enhanced-resolve': [ '5.20.1' ],
195 silly audit   'es-abstract': [ '1.24.1' ],
195 silly audit   'es-define-property': [ '1.0.1' ],
195 silly audit   'es-errors': [ '1.3.0' ],
195 silly audit   'es-iterator-helpers': [ '1.3.1' ],
195 silly audit   'es-object-atoms': [ '1.1.1' ],
195 silly audit   'es-set-tostringtag': [ '2.1.0' ],
195 silly audit   'es-shim-unscopables': [ '1.1.0' ],
195 silly audit   'es-to-primitive': [ '1.3.0' ],
195 silly audit   esbuild: [ '0.27.4' ],
195 silly audit   escalade: [ '3.2.0' ],
195 silly audit   'escape-string-regexp': [ '4.0.0' ],
195 silly audit   eslint: [ '9.39.4' ],
195 silly audit   'eslint-config-next': [ '16.2.1' ],
195 silly audit   globals: [ '16.4.0', '14.0.0' ],
195 silly audit   'eslint-import-resolver-node': [ '0.3.9' ],
195 silly audit   'eslint-import-resolver-typescript': [ '3.10.1' ],
195 silly audit   'eslint-module-utils': [ '2.12.1' ],
195 silly audit   'eslint-plugin-import': [ '2.32.0' ],
195 silly audit   'eslint-plugin-jsx-a11y': [ '6.10.2' ],
195 silly audit   'eslint-plugin-react': [ '7.37.5' ],
195 silly audit   'eslint-plugin-react-hooks': [ '7.0.1' ],
195 silly audit   resolve: [ '2.0.0-next.6', '1.22.11' ],
195 silly audit   'eslint-scope': [ '8.4.0' ],
195 silly audit   espree: [ '10.4.0' ],
195 silly audit   esquery: [ '1.7.0' ],
195 silly audit   esrecurse: [ '4.3.0' ],
195 silly audit   estraverse: [ '5.3.0' ],
195 silly audit   esutils: [ '2.0.3' ],
195 silly audit   'expand-template': [ '2.0.3' ],
195 silly audit   exsolve: [ '1.0.8' ],
195 silly audit   'fast-check': [ '3.23.2' ],
195 silly audit   'fast-deep-equal': [ '3.1.3' ],
195 silly audit   'fast-glob': [ '3.3.1' ],
195 silly audit   'glob-parent': [ '5.1.2', '6.0.2' ],
195 silly audit   'fast-json-stable-stringify': [ '2.1.0' ],
195 silly audit   'fast-levenshtein': [ '2.0.6' ],
195 silly audit   fastq: [ '1.20.1' ],
195 silly audit   'file-entry-cache': [ '8.0.0' ],
195 silly audit   'file-uri-to-path': [ '1.0.0' ],
195 silly audit   'fill-range': [ '7.1.1' ],
195 silly audit   'find-up': [ '5.0.0' ],
195 silly audit   'flat-cache': [ '4.0.1' ],
195 silly audit   flatted: [ '3.4.2' ],
195 silly audit   'follow-redirects': [ '1.15.11' ],
195 silly audit   'for-each': [ '0.3.5' ],
195 silly audit   'form-data': [ '4.0.5' ],
195 silly audit   'fs-constants': [ '1.0.0' ],
195 silly audit   fsevents: [ '2.3.3' ],
195 silly audit   'function-bind': [ '1.1.2' ],
195 silly audit   'function.prototype.name': [ '1.1.8' ],
195 silly audit   'functions-have-names': [ '1.2.3' ],
195 silly audit   'generator-function': [ '2.0.1' ],
195 silly audit   gensync: [ '1.0.0-beta.2' ],
195 silly audit   'get-intrinsic': [ '1.3.0' ],
195 silly audit   'get-proto': [ '1.0.1' ],
195 silly audit   'get-symbol-description': [ '1.1.0' ],
195 silly audit   'get-tsconfig': [ '4.13.7' ],
195 silly audit   giget: [ '2.0.0' ],
195 silly audit   'github-from-package': [ '0.0.0' ],
195 silly audit   globalthis: [ '1.0.4' ],
195 silly audit   gopd: [ '1.2.0' ],
195 silly audit   'graceful-fs': [ '4.2.11' ],
195 silly audit   'has-bigints': [ '1.1.0' ],
195 silly audit   'has-flag': [ '4.0.0' ],
195 silly audit   'has-property-descriptors': [ '1.0.2' ],
195 silly audit   'has-proto': [ '1.2.0' ],
195 silly audit   'has-symbols': [ '1.1.0' ],
195 silly audit   'has-tostringtag': [ '1.0.2' ],
195 silly audit   hasown: [ '2.0.2' ],
195 silly audit   'hermes-estree': [ '0.25.1' ],
195 silly audit   'hermes-parser': [ '0.25.1' ],
195 silly audit   ieee754: [ '1.2.1' ],
195 silly audit   'import-fresh': [ '3.3.1' ],
195 silly audit   imurmurhash: [ '0.1.4' ],
195 silly audit   inherits: [ '2.0.4' ],
195 silly audit   ini: [ '1.3.8' ],
195 silly audit   'internal-slot': [ '1.1.0' ],
195 silly audit   'is-array-buffer': [ '3.0.5' ],
195 silly audit   'is-async-function': [ '2.1.1' ],
195 silly audit   'is-bigint': [ '1.1.0' ],
195 silly audit   'is-boolean-object': [ '1.2.2' ],
195 silly audit   'is-bun-module': [ '2.0.0' ],
195 silly audit   'is-callable': [ '1.2.7' ],
195 silly audit   'is-core-module': [ '2.16.1' ],
195 silly audit   'is-data-view': [ '1.0.2' ],
195 silly audit   'is-date-object': [ '1.1.0' ],
195 silly audit   'is-extglob': [ '2.1.1' ],
195 silly audit   'is-finalizationregistry': [ '1.1.1' ],
195 silly audit   'is-generator-function': [ '1.1.2' ],
195 silly audit   'is-glob': [ '4.0.3' ],
195 silly audit   'is-map': [ '2.0.3' ],
195 silly audit   'is-negative-zero': [ '2.0.3' ],
195 silly audit   'is-number': [ '7.0.0' ],
195 silly audit   'is-number-object': [ '1.1.1' ],
195 silly audit   'is-regex': [ '1.2.1' ],
195 silly audit   'is-set': [ '2.0.3' ],
195 silly audit   'is-shared-array-buffer': [ '1.0.4' ],
195 silly audit   'is-string': [ '1.1.1' ],
195 silly audit   'is-symbol': [ '1.1.1' ],
195 silly audit   'is-typed-array': [ '1.1.15' ],
195 silly audit   'is-weakmap': [ '2.0.2' ],
195 silly audit   'is-weakref': [ '1.1.1' ],
195 silly audit   'is-weakset': [ '2.0.4' ],
195 silly audit   isarray: [ '2.0.5' ],
195 silly audit   isexe: [ '2.0.0' ],
195 silly audit   'iterator.prototype': [ '1.1.5' ],
195 silly audit   jiti: [ '2.6.1' ],
195 silly audit   jose: [ '4.15.9' ],
195 silly audit   'js-tokens': [ '4.0.0' ],
195 silly audit   'js-yaml': [ '4.1.1' ],
195 silly audit   jsesc: [ '3.1.0' ],
195 silly audit   'json-bigint': [ '1.0.0' ],
195 silly audit   'json-buffer': [ '3.0.1' ],
195 silly audit   'json-schema-traverse': [ '0.4.1' ],
195 silly audit   'json-stable-stringify-without-jsonify': [ '1.0.1' ],
195 silly audit   json5: [ '2.2.3', '1.0.2' ],
195 silly audit   'jsx-ast-utils': [ '3.3.5' ],
195 silly audit   keyv: [ '4.5.4' ],
195 silly audit   'language-subtag-registry': [ '0.3.23' ],
195 silly audit   'language-tags': [ '1.0.9' ],
195 silly audit   levn: [ '0.4.1' ],
195 silly audit   lightningcss: [ '1.32.0' ],
195 silly audit   'lightningcss-android-arm64': [ '1.32.0' ],
195 silly audit   'lightningcss-darwin-arm64': [ '1.32.0' ],
195 silly audit   'lightningcss-darwin-x64': [ '1.32.0' ],
195 silly audit   'lightningcss-freebsd-x64': [ '1.32.0' ],
195 silly audit   'lightningcss-linux-arm-gnueabihf': [ '1.32.0' ],
195 silly audit   'lightningcss-linux-arm64-gnu': [ '1.32.0' ],
195 silly audit   'lightningcss-linux-arm64-musl': [ '1.32.0' ],
195 silly audit   'lightningcss-linux-x64-gnu': [ '1.32.0' ],
195 silly audit   'lightningcss-linux-x64-musl': [ '1.32.0' ],
195 silly audit   'lightningcss-win32-arm64-msvc': [ '1.32.0' ],
195 silly audit   'lightningcss-win32-x64-msvc': [ '1.32.0' ],
195 silly audit   'locate-path': [ '6.0.0' ],
195 silly audit   'lodash.merge': [ '4.6.2' ],
195 silly audit   'loose-envify': [ '1.4.0' ],
195 silly audit   'lru-cache': [ '5.1.1', '6.0.0' ],
195 silly audit   'magic-string': [ '0.30.21' ],
195 silly audit   'math-intrinsics': [ '1.1.0' ],
195 silly audit   merge2: [ '1.4.1' ],
195 silly audit   micromatch: [ '4.0.8' ],
195 silly audit   'mime-db': [ '1.52.0' ],
195 silly audit   'mime-types': [ '2.1.35' ],
195 silly audit   'mimic-response': [ '3.1.0' ],
195 silly audit   minimist: [ '1.2.8' ],
195 silly audit   'mkdirp-classic': [ '0.5.3' ],
195 silly audit   ms: [ '2.1.3' ],
195 silly audit   nanoid: [ '3.3.11' ],
195 silly audit   'napi-build-utils': [ '2.0.0' ],
195 silly audit   'napi-postinstall': [ '0.3.4' ],
195 silly audit   'natural-compare': [ '1.4.0' ],
195 silly audit   next: [ '16.2.1' ],
195 silly audit   'next-auth': [ '4.24.13' ],
195 silly audit   postcss: [ '8.4.31', '8.5.8' ],
195 silly audit   'node-abi': [ '3.89.0' ],
195 silly audit   'node-exports-info': [ '1.6.0' ],
195 silly audit   'node-fetch-native': [ '1.6.7' ],
195 silly audit   'node-mailjet': [ '6.0.11' ],
195 silly audit   'node-releases': [ '2.0.36' ],
195 silly audit   nypm: [ '0.6.5' ],
195 silly audit   oauth: [ '0.9.15' ],
195 silly audit   'object-assign': [ '4.1.1' ],
195 silly audit   'object-hash': [ '2.2.0' ],
195 silly audit   'object-inspect': [ '1.13.4' ],
195 silly audit   'object-keys': [ '1.1.1' ],
195 silly audit   'object.assign': [ '4.1.7' ],
195 silly audit   'object.entries': [ '1.1.9' ],
195 silly audit   'object.fromentries': [ '2.0.8' ],
195 silly audit   'object.groupby': [ '1.0.3' ],
195 silly audit   'object.values': [ '1.2.1' ],
195 silly audit   ohash: [ '2.0.11' ],
195 silly audit   'oidc-token-hash': [ '5.2.0' ],
195 silly audit   once: [ '1.4.0' ],
195 silly audit   'openid-client': [ '5.7.1' ],
195 silly audit   yallist: [ '4.0.0', '3.1.1' ],
195 silly audit   optionator: [ '0.9.4' ],
195 silly audit   'own-keys': [ '1.0.1' ],
195 silly audit   'p-limit': [ '3.1.0' ],
195 silly audit   'p-locate': [ '5.0.0' ],
195 silly audit   'parent-module': [ '1.0.1' ],
195 silly audit   'path-exists': [ '4.0.0' ],
195 silly audit   'path-key': [ '3.1.1' ],
195 silly audit   'path-parse': [ '1.0.7' ],
195 silly audit   pathe: [ '2.0.3' ],
195 silly audit   'perfect-debounce': [ '1.0.0' ],
195 silly audit   picocolors: [ '1.1.1' ],
195 silly audit   picomatch: [ '2.3.2', '4.0.4' ],
195 silly audit   'pkg-types': [ '2.3.0' ],
195 silly audit   'possible-typed-array-names': [ '1.1.0' ],
195 silly audit   preact: [ '10.29.0' ],
195 silly audit   'preact-render-to-string': [ '5.2.6' ],
195 silly audit   'prebuild-install': [ '7.1.3' ],
195 silly audit   'prelude-ls': [ '1.2.1' ],
195 silly audit   'pretty-format': [ '3.8.0' ],
195 silly audit   prisma: [ '6.19.2' ],
195 silly audit   'prop-types': [ '15.8.1' ],
195 silly audit   'proxy-from-env': [ '2.1.0' ],
195 silly audit   pump: [ '3.0.4' ],
195 silly audit   punycode: [ '2.3.1' ],
195 silly audit   'pure-rand': [ '6.1.0' ],
195 silly audit   'queue-microtask': [ '1.2.3' ],
195 silly audit   rc: [ '1.2.8' ],
195 silly audit   'strip-json-comments': [ '2.0.1', '3.1.1' ],
195 silly audit   rc9: [ '2.1.2' ],
195 silly audit   react: [ '19.2.4' ],
195 silly audit   'react-chartjs-2': [ '5.3.1' ],
195 silly audit   'react-dom': [ '19.2.4' ],
195 silly audit   'react-is': [ '16.13.1' ],
195 silly audit   'readable-stream': [ '3.6.2' ],
195 silly audit   readdirp: [ '4.1.2' ],
195 silly audit   'reflect.getprototypeof': [ '1.0.10' ],
195 silly audit   'regexp.prototype.flags': [ '1.5.4' ],
195 silly audit   'resolve-from': [ '4.0.0' ],
195 silly audit   'resolve-pkg-maps': [ '1.0.0' ],
195 silly audit   reusify: [ '1.1.0' ],
195 silly audit   'run-parallel': [ '1.2.0' ],
195 silly audit   'safe-array-concat': [ '1.1.3' ],
195 silly audit   'safe-buffer': [ '5.2.1' ],
195 silly audit   'safe-push-apply': [ '1.0.0' ],
195 silly audit   'safe-regex-test': [ '1.1.0' ],
195 silly audit   scheduler: [ '0.27.0' ],
195 silly audit   'set-function-length': [ '1.2.2' ],
195 silly audit   'set-function-name': [ '2.0.2' ],
195 silly audit   'set-proto': [ '1.0.0' ],
195 silly audit   sharp: [ '0.34.5' ],
195 silly audit   'shebang-command': [ '2.0.0' ],
195 silly audit   'shebang-regex': [ '3.0.0' ],
195 silly audit   'side-channel': [ '1.1.0' ],
195 silly audit   'side-channel-list': [ '1.0.0' ],
195 silly audit   'side-channel-map': [ '1.0.1' ],
195 silly audit   'side-channel-weakmap': [ '1.0.2' ],
195 silly audit   'simple-concat': [ '1.0.1' ],
195 silly audit   'simple-get': [ '4.0.1' ],
195 silly audit   'source-map-js': [ '1.2.1' ],
195 silly audit   'stable-hash': [ '0.0.5' ],
195 silly audit   'stop-iteration-iterator': [ '1.1.0' ],
195 silly audit   string_decoder: [ '1.3.0' ],
195 silly audit   'string.prototype.includes': [ '2.0.1' ],
195 silly audit   'string.prototype.matchall': [ '4.0.12' ],
195 silly audit   'string.prototype.repeat': [ '1.0.0' ],
195 silly audit   'string.prototype.trim': [ '1.2.10' ],
195 silly audit   'string.prototype.trimend': [ '1.0.9' ],
195 silly audit   'string.prototype.trimstart': [ '1.0.8' ],
195 silly audit   'strip-bom': [ '3.0.0' ],
195 silly audit   'styled-jsx': [ '5.1.6' ],
195 silly audit   'supports-color': [ '7.2.0' ],
195 silly audit   'supports-preserve-symlinks-flag': [ '1.0.0' ],
195 silly audit   tailwindcss: [ '4.2.2' ],
195 silly audit   tapable: [ '2.3.2' ],
195 silly audit   'tar-fs': [ '2.1.4' ],
195 silly audit   'tar-stream': [ '2.2.0' ],
195 silly audit   tinyexec: [ '1.0.4' ],
195 silly audit   tinyglobby: [ '0.2.15' ],
195 silly audit   fdir: [ '6.5.0' ],
195 silly audit   'to-regex-range': [ '5.0.1' ],
195 silly audit   'ts-api-utils': [ '2.5.0' ],
195 silly audit   'tsconfig-paths': [ '3.15.0' ],
195 silly audit   tslib: [ '2.8.1' ],
195 silly audit   tsx: [ '4.21.0' ],
195 silly audit   'tunnel-agent': [ '0.6.0' ],
195 silly audit   'type-check': [ '0.4.0' ],
195 silly audit   'typed-array-buffer': [ '1.0.3' ],
195 silly audit   'typed-array-byte-length': [ '1.0.3' ],
195 silly audit   'typed-array-byte-offset': [ '1.0.4' ],
195 silly audit   'typed-array-length': [ '1.0.7' ],
195 silly audit   typescript: [ '5.9.3' ],
195 silly audit   'typescript-eslint': [ '8.57.2' ],
195 silly audit   'unbox-primitive': [ '1.1.0' ],
195 silly audit   'undici-types': [ '6.21.0' ],
195 silly audit   'unrs-resolver': [ '1.11.1' ],
195 silly audit   'update-browserslist-db': [ '1.2.3' ],
195 silly audit   'uri-js': [ '4.4.1' ],
195 silly audit   'url-join': [ '4.0.1' ],
195 silly audit   'util-deprecate': [ '1.0.2' ],
195 silly audit   uuid: [ '8.3.2' ],
195 silly audit   which: [ '2.0.2' ],
195 silly audit   'which-boxed-primitive': [ '1.1.1' ],
195 silly audit   'which-builtin-type': [ '1.2.1' ],
195 silly audit   'which-collection': [ '1.0.2' ],
195 silly audit   'which-typed-array': [ '1.1.20' ],
195 silly audit   'word-wrap': [ '1.2.5' ],
195 silly audit   wrappy: [ '1.0.2' ],
195 silly audit   'yocto-queue': [ '0.1.0' ],
195 silly audit   zod: [ '4.3.6' ],
195 silly audit   'zod-validation-error': [ '4.0.2' ],
195 silly audit   '@uploadthing/react': [ '7.3.3' ],
195 silly audit   uploadthing: [ '7.7.4' ],
195 silly audit   '@uploadthing/shared': [ '7.1.10' ],
195 silly audit   'file-selector': [ '0.6.0' ],
195 silly audit   '@uploadthing/mime-types': [ '0.3.6' ],
195 silly audit   sqids: [ '0.3.0' ],
195 silly audit   '@effect/platform': [ '0.90.3' ],
195 silly audit   '@opentelemetry/semantic-conventions': [ '1.40.0' ],
195 silly audit   'find-my-way-ts': [ '0.1.6' ],
195 silly audit   msgpackr: [ '1.11.9' ],
195 silly audit   multipasta: [ '0.2.7' ],
195 silly audit   'msgpackr-extract': [ '3.0.3' ],
195 silly audit   '@msgpackr-extract/msgpackr-extract-darwin-arm64': [ '3.0.3' ],
195 silly audit   '@msgpackr-extract/msgpackr-extract-darwin-x64': [ '3.0.3' ],
195 silly audit   '@msgpackr-extract/msgpackr-extract-linux-arm': [ '3.0.3' ],
195 silly audit   '@msgpackr-extract/msgpackr-extract-linux-arm64': [ '3.0.3' ],
195 silly audit   '@msgpackr-extract/msgpackr-extract-linux-x64': [ '3.0.3' ],
195 silly audit   '@msgpackr-extract/msgpackr-extract-win32-x64': [ '3.0.3' ],
195 silly audit   'node-gyp-build-optional-packages': [ '5.2.2' ],
195 silly audit   '@tailwindcss/oxide-wasm32-wasi': [ '4.2.2' ]
195 silly audit }
196 verbose reify failed optional dependency /Users/anandkumar/roomefy/node_modules/@msgpackr-extract/msgpackr-extract-win32-x64
197 silly reify mark deleted [
197 silly reify   '/Users/anandkumar/roomefy/node_modules/@msgpackr-extract/msgpackr-extract-win32-x64'
197 silly reify ]
198 verbose reify failed optional dependency /Users/anandkumar/roomefy/node_modules/@msgpackr-extract/msgpackr-extract-linux-x64
199 silly reify mark deleted [
199 silly reify   '/Users/anandkumar/roomefy/node_modules/@msgpackr-extract/msgpackr-extract-linux-x64'
199 silly reify ]
200 verbose reify failed optional dependency /Users/anandkumar/roomefy/node_modules/@msgpackr-extract/msgpackr-extract-linux-arm64
201 silly reify mark deleted [
201 silly reify   '/Users/anandkumar/roomefy/node_modules/@msgpackr-extract/msgpackr-extract-linux-arm64'
201 silly reify ]
202 verbose reify failed optional dependency /Users/anandkumar/roomefy/node_modules/@msgpackr-extract/msgpackr-extract-linux-arm
203 silly reify mark deleted [
203 silly reify   '/Users/anandkumar/roomefy/node_modules/@msgpackr-extract/msgpackr-extract-linux-arm'
203 silly reify ]
204 verbose reify failed optional dependency /Users/anandkumar/roomefy/node_modules/@msgpackr-extract/msgpackr-extract-darwin-x64
205 silly reify mark deleted [
205 silly reify   '/Users/anandkumar/roomefy/node_modules/@msgpackr-extract/msgpackr-extract-darwin-x64'
205 silly reify ]
206 verbose reify failed optional dependency /Users/anandkumar/roomefy/node_modules/lightningcss-win32-x64-msvc
207 silly reify mark deleted [
207 silly reify   '/Users/anandkumar/roomefy/node_modules/lightningcss-win32-x64-msvc'
207 silly reify ]
208 verbose reify failed optional dependency /Users/anandkumar/roomefy/node_modules/lightningcss-win32-arm64-msvc
209 silly reify mark deleted [
209 silly reify   '/Users/anandkumar/roomefy/node_modules/lightningcss-win32-arm64-msvc'
209 silly reify ]
210 verbose reify failed optional dependency /Users/anandkumar/roomefy/node_modules/lightningcss-linux-x64-musl
211 silly reify mark deleted [
211 silly reify   '/Users/anandkumar/roomefy/node_modules/lightningcss-linux-x64-musl'
211 silly reify ]
212 verbose reify failed optional dependency /Users/anandkumar/roomefy/node_modules/lightningcss-linux-x64-gnu
213 silly reify mark deleted [ '/Users/anandkumar/roomefy/node_modules/lightningcss-linux-x64-gnu' ]
214 verbose reify failed optional dependency /Users/anandkumar/roomefy/node_modules/lightningcss-linux-arm64-musl
215 silly reify mark deleted [
215 silly reify   '/Users/anandkumar/roomefy/node_modules/lightningcss-linux-arm64-musl'
215 silly reify ]
216 verbose reify failed optional dependency /Users/anandkumar/roomefy/node_modules/lightningcss-linux-arm64-gnu
217 silly reify mark deleted [
217 silly reify   '/Users/anandkumar/roomefy/node_modules/lightningcss-linux-arm64-gnu'
217 silly reify ]
218 verbose reify failed optional dependency /Users/anandkumar/roomefy/node_modules/lightningcss-linux-arm-gnueabihf
219 silly reify mark deleted [
219 silly reify   '/Users/anandkumar/roomefy/node_modules/lightningcss-linux-arm-gnueabihf'
219 silly reify ]
220 verbose reify failed optional dependency /Users/anandkumar/roomefy/node_modules/lightningcss-freebsd-x64
221 silly reify mark deleted [ '/Users/anandkumar/roomefy/node_modules/lightningcss-freebsd-x64' ]
222 verbose reify failed optional dependency /Users/anandkumar/roomefy/node_modules/lightningcss-darwin-x64
223 silly reify mark deleted [ '/Users/anandkumar/roomefy/node_modules/lightningcss-darwin-x64' ]
224 verbose reify failed optional dependency /Users/anandkumar/roomefy/node_modules/lightningcss-android-arm64
225 silly reify mark deleted [ '/Users/anandkumar/roomefy/node_modules/lightningcss-android-arm64' ]
226 verbose reify failed optional dependency /Users/anandkumar/roomefy/node_modules/@unrs/resolver-binding-win32-x64-msvc
227 silly reify mark deleted [
227 silly reify   '/Users/anandkumar/roomefy/node_modules/@unrs/resolver-binding-win32-x64-msvc'
227 silly reify ]
228 verbose reify failed optional dependency /Users/anandkumar/roomefy/node_modules/@unrs/resolver-binding-win32-ia32-msvc
229 silly reify mark deleted [
229 silly reify   '/Users/anandkumar/roomefy/node_modules/@unrs/resolver-binding-win32-ia32-msvc'
229 silly reify ]
230 verbose reify failed optional dependency /Users/anandkumar/roomefy/node_modules/@unrs/resolver-binding-win32-arm64-msvc
231 silly reify mark deleted [
231 silly reify   '/Users/anandkumar/roomefy/node_modules/@unrs/resolver-binding-win32-arm64-msvc'
231 silly reify ]
232 verbose reify failed optional dependency /Users/anandkumar/roomefy/node_modules/@unrs/resolver-binding-wasm32-wasi
233 silly reify mark deleted [
233 silly reify   '/Users/anandkumar/roomefy/node_modules/@unrs/resolver-binding-wasm32-wasi'
233 silly reify ]
234 verbose reify failed optional dependency /Users/anandkumar/roomefy/node_modules/@unrs/resolver-binding-linux-x64-musl
235 silly reify mark deleted [
235 silly reify   '/Users/anandkumar/roomefy/node_modules/@unrs/resolver-binding-linux-x64-musl'
235 silly reify ]
236 verbose reify failed optional dependency /Users/anandkumar/roomefy/node_modules/@unrs/resolver-binding-linux-x64-gnu
237 silly reify mark deleted [
237 silly reify   '/Users/anandkumar/roomefy/node_modules/@unrs/resolver-binding-linux-x64-gnu'
237 silly reify ]
238 verbose reify failed optional dependency /Users/anandkumar/roomefy/node_modules/@unrs/resolver-binding-linux-s390x-gnu
239 silly reify mark deleted [
239 silly reify   '/Users/anandkumar/roomefy/node_modules/@unrs/resolver-binding-linux-s390x-gnu'
239 silly reify ]
240 verbose reify failed optional dependency /Users/anandkumar/roomefy/node_modules/@unrs/resolver-binding-linux-riscv64-musl
241 silly reify mark deleted [
241 silly reify   '/Users/anandkumar/roomefy/node_modules/@unrs/resolver-binding-linux-riscv64-musl'
241 silly reify ]
242 verbose reify failed optional dependency /Users/anandkumar/roomefy/node_modules/@unrs/resolver-binding-linux-riscv64-gnu
243 silly reify mark deleted [
243 silly reify   '/Users/anandkumar/roomefy/node_modules/@unrs/resolver-binding-linux-riscv64-gnu'
243 silly reify ]
244 verbose reify failed optional dependency /Users/anandkumar/roomefy/node_modules/@unrs/resolver-binding-linux-ppc64-gnu
245 silly reify mark deleted [
245 silly reify   '/Users/anandkumar/roomefy/node_modules/@unrs/resolver-binding-linux-ppc64-gnu'
245 silly reify ]
246 verbose reify failed optional dependency /Users/anandkumar/roomefy/node_modules/@unrs/resolver-binding-linux-arm64-musl
247 silly reify mark deleted [
247 silly reify   '/Users/anandkumar/roomefy/node_modules/@unrs/resolver-binding-linux-arm64-musl'
247 silly reify ]
248 verbose reify failed optional dependency /Users/anandkumar/roomefy/node_modules/@unrs/resolver-binding-linux-arm64-gnu
249 silly reify mark deleted [
249 silly reify   '/Users/anandkumar/roomefy/node_modules/@unrs/resolver-binding-linux-arm64-gnu'
249 silly reify ]
250 verbose reify failed optional dependency /Users/anandkumar/roomefy/node_modules/@unrs/resolver-binding-linux-arm-musleabihf
251 silly reify mark deleted [
251 silly reify   '/Users/anandkumar/roomefy/node_modules/@unrs/resolver-binding-linux-arm-musleabihf'
251 silly reify ]
252 verbose reify failed optional dependency /Users/anandkumar/roomefy/node_modules/@unrs/resolver-binding-linux-arm-gnueabihf
253 silly reify mark deleted [
253 silly reify   '/Users/anandkumar/roomefy/node_modules/@unrs/resolver-binding-linux-arm-gnueabihf'
253 silly reify ]
254 verbose reify failed optional dependency /Users/anandkumar/roomefy/node_modules/@unrs/resolver-binding-freebsd-x64
255 silly reify mark deleted [
255 silly reify   '/Users/anandkumar/roomefy/node_modules/@unrs/resolver-binding-freebsd-x64'
255 silly reify ]
256 verbose reify failed optional dependency /Users/anandkumar/roomefy/node_modules/@unrs/resolver-binding-darwin-x64
257 silly reify mark deleted [
257 silly reify   '/Users/anandkumar/roomefy/node_modules/@unrs/resolver-binding-darwin-x64'
257 silly reify ]
258 verbose reify failed optional dependency /Users/anandkumar/roomefy/node_modules/@unrs/resolver-binding-android-arm64
259 silly reify mark deleted [
259 silly reify   '/Users/anandkumar/roomefy/node_modules/@unrs/resolver-binding-android-arm64'
259 silly reify ]
260 verbose reify failed optional dependency /Users/anandkumar/roomefy/node_modules/@unrs/resolver-binding-android-arm-eabi
261 silly reify mark deleted [
261 silly reify   '/Users/anandkumar/roomefy/node_modules/@unrs/resolver-binding-android-arm-eabi'
261 silly reify ]
262 verbose reify failed optional dependency /Users/anandkumar/roomefy/node_modules/@tailwindcss/oxide-win32-x64-msvc
263 silly reify mark deleted [
263 silly reify   '/Users/anandkumar/roomefy/node_modules/@tailwindcss/oxide-win32-x64-msvc'
263 silly reify ]
264 verbose reify failed optional dependency /Users/anandkumar/roomefy/node_modules/@tailwindcss/oxide-win32-arm64-msvc
265 silly reify mark deleted [
265 silly reify   '/Users/anandkumar/roomefy/node_modules/@tailwindcss/oxide-win32-arm64-msvc'
265 silly reify ]
266 verbose reify failed optional dependency /Users/anandkumar/roomefy/node_modules/@tailwindcss/oxide-linux-x64-musl
267 silly reify mark deleted [
267 silly reify   '/Users/anandkumar/roomefy/node_modules/@tailwindcss/oxide-linux-x64-musl'
267 silly reify ]
268 verbose reify failed optional dependency /Users/anandkumar/roomefy/node_modules/@tailwindcss/oxide-linux-x64-gnu
269 silly reify mark deleted [
269 silly reify   '/Users/anandkumar/roomefy/node_modules/@tailwindcss/oxide-linux-x64-gnu'
269 silly reify ]
270 verbose reify failed optional dependency /Users/anandkumar/roomefy/node_modules/@tailwindcss/oxide-linux-arm64-musl
271 silly reify mark deleted [
271 silly reify   '/Users/anandkumar/roomefy/node_modules/@tailwindcss/oxide-linux-arm64-musl'
271 silly reify ]
272 verbose reify failed optional dependency /Users/anandkumar/roomefy/node_modules/@tailwindcss/oxide-linux-arm64-gnu
273 silly reify mark deleted [
273 silly reify   '/Users/anandkumar/roomefy/node_modules/@tailwindcss/oxide-linux-arm64-gnu'
273 silly reify ]
274 verbose reify failed optional dependency /Users/anandkumar/roomefy/node_modules/@tailwindcss/oxide-linux-arm-gnueabihf
275 silly reify mark deleted [
275 silly reify   '/Users/anandkumar/roomefy/node_modules/@tailwindcss/oxide-linux-arm-gnueabihf'
275 silly reify ]
276 verbose reify failed optional dependency /Users/anandkumar/roomefy/node_modules/@tailwindcss/oxide-freebsd-x64
277 silly reify mark deleted [
277 silly reify   '/Users/anandkumar/roomefy/node_modules/@tailwindcss/oxide-freebsd-x64'
277 silly reify ]
278 verbose reify failed optional dependency /Users/anandkumar/roomefy/node_modules/@tailwindcss/oxide-darwin-x64
279 silly reify mark deleted [
279 silly reify   '/Users/anandkumar/roomefy/node_modules/@tailwindcss/oxide-darwin-x64'
279 silly reify ]
280 verbose reify failed optional dependency /Users/anandkumar/roomefy/node_modules/@tailwindcss/oxide-android-arm64
281 silly reify mark deleted [
281 silly reify   '/Users/anandkumar/roomefy/node_modules/@tailwindcss/oxide-android-arm64'
281 silly reify ]
282 verbose reify failed optional dependency /Users/anandkumar/roomefy/node_modules/@next/swc-win32-x64-msvc
283 silly reify mark deleted [ '/Users/anandkumar/roomefy/node_modules/@next/swc-win32-x64-msvc' ]
284 verbose reify failed optional dependency /Users/anandkumar/roomefy/node_modules/@next/swc-win32-arm64-msvc
285 silly reify mark deleted [ '/Users/anandkumar/roomefy/node_modules/@next/swc-win32-arm64-msvc' ]
286 verbose reify failed optional dependency /Users/anandkumar/roomefy/node_modules/@next/swc-linux-x64-musl
287 silly reify mark deleted [ '/Users/anandkumar/roomefy/node_modules/@next/swc-linux-x64-musl' ]
288 verbose reify failed optional dependency /Users/anandkumar/roomefy/node_modules/@next/swc-linux-x64-gnu
289 silly reify mark deleted [ '/Users/anandkumar/roomefy/node_modules/@next/swc-linux-x64-gnu' ]
290 verbose reify failed optional dependency /Users/anandkumar/roomefy/node_modules/@next/swc-linux-arm64-musl
291 silly reify mark deleted [ '/Users/anandkumar/roomefy/node_modules/@next/swc-linux-arm64-musl' ]
292 verbose reify failed optional dependency /Users/anandkumar/roomefy/node_modules/@next/swc-linux-arm64-gnu
293 silly reify mark deleted [ '/Users/anandkumar/roomefy/node_modules/@next/swc-linux-arm64-gnu' ]
294 verbose reify failed optional dependency /Users/anandkumar/roomefy/node_modules/@next/swc-darwin-x64
295 silly reify mark deleted [ '/Users/anandkumar/roomefy/node_modules/@next/swc-darwin-x64' ]
296 verbose reify failed optional dependency /Users/anandkumar/roomefy/node_modules/@img/sharp-win32-x64
297 silly reify mark deleted [ '/Users/anandkumar/roomefy/node_modules/@img/sharp-win32-x64' ]
298 verbose reify failed optional dependency /Users/anandkumar/roomefy/node_modules/@img/sharp-win32-ia32
299 silly reify mark deleted [ '/Users/anandkumar/roomefy/node_modules/@img/sharp-win32-ia32' ]
300 verbose reify failed optional dependency /Users/anandkumar/roomefy/node_modules/@img/sharp-win32-arm64
301 silly reify mark deleted [ '/Users/anandkumar/roomefy/node_modules/@img/sharp-win32-arm64' ]
302 verbose reify failed optional dependency /Users/anandkumar/roomefy/node_modules/@img/sharp-wasm32
303 silly reify mark deleted [ '/Users/anandkumar/roomefy/node_modules/@img/sharp-wasm32' ]
304 verbose reify failed optional dependency /Users/anandkumar/roomefy/node_modules/@img/sharp-linuxmusl-x64
305 silly reify mark deleted [ '/Users/anandkumar/roomefy/node_modules/@img/sharp-linuxmusl-x64' ]
306 verbose reify failed optional dependency /Users/anandkumar/roomefy/node_modules/@img/sharp-linuxmusl-arm64
307 silly reify mark deleted [ '/Users/anandkumar/roomefy/node_modules/@img/sharp-linuxmusl-arm64' ]
308 verbose reify failed optional dependency /Users/anandkumar/roomefy/node_modules/@img/sharp-linux-x64
309 silly reify mark deleted [ '/Users/anandkumar/roomefy/node_modules/@img/sharp-linux-x64' ]
310 verbose reify failed optional dependency /Users/anandkumar/roomefy/node_modules/@img/sharp-linux-s390x
311 silly reify mark deleted [ '/Users/anandkumar/roomefy/node_modules/@img/sharp-linux-s390x' ]
312 verbose reify failed optional dependency /Users/anandkumar/roomefy/node_modules/@img/sharp-linux-riscv64
313 silly reify mark deleted [ '/Users/anandkumar/roomefy/node_modules/@img/sharp-linux-riscv64' ]
314 verbose reify failed optional dependency /Users/anandkumar/roomefy/node_modules/@img/sharp-linux-ppc64
315 silly reify mark deleted [ '/Users/anandkumar/roomefy/node_modules/@img/sharp-linux-ppc64' ]
316 verbose reify failed optional dependency /Users/anandkumar/roomefy/node_modules/@img/sharp-linux-arm64
317 silly reify mark deleted [ '/Users/anandkumar/roomefy/node_modules/@img/sharp-linux-arm64' ]
318 verbose reify failed optional dependency /Users/anandkumar/roomefy/node_modules/@img/sharp-linux-arm
319 silly reify mark deleted [ '/Users/anandkumar/roomefy/node_modules/@img/sharp-linux-arm' ]
320 verbose reify failed optional dependency /Users/anandkumar/roomefy/node_modules/@img/sharp-libvips-linuxmusl-x64
321 silly reify mark deleted [
321 silly reify   '/Users/anandkumar/roomefy/node_modules/@img/sharp-libvips-linuxmusl-x64'
321 silly reify ]
322 verbose reify failed optional dependency /Users/anandkumar/roomefy/node_modules/@img/sharp-libvips-linuxmusl-arm64
323 silly reify mark deleted [
323 silly reify   '/Users/anandkumar/roomefy/node_modules/@img/sharp-libvips-linuxmusl-arm64'
323 silly reify ]
324 verbose reify failed optional dependency /Users/anandkumar/roomefy/node_modules/@img/sharp-libvips-linux-x64
325 silly reify mark deleted [
325 silly reify   '/Users/anandkumar/roomefy/node_modules/@img/sharp-libvips-linux-x64'
325 silly reify ]
326 verbose reify failed optional dependency /Users/anandkumar/roomefy/node_modules/@img/sharp-libvips-linux-s390x
327 silly reify mark deleted [
327 silly reify   '/Users/anandkumar/roomefy/node_modules/@img/sharp-libvips-linux-s390x'
327 silly reify ]
328 verbose reify failed optional dependency /Users/anandkumar/roomefy/node_modules/@img/sharp-libvips-linux-riscv64
329 silly reify mark deleted [
329 silly reify   '/Users/anandkumar/roomefy/node_modules/@img/sharp-libvips-linux-riscv64'
329 silly reify ]
330 verbose reify failed optional dependency /Users/anandkumar/roomefy/node_modules/@img/sharp-libvips-linux-ppc64
331 silly reify mark deleted [
331 silly reify   '/Users/anandkumar/roomefy/node_modules/@img/sharp-libvips-linux-ppc64'
331 silly reify ]
332 verbose reify failed optional dependency /Users/anandkumar/roomefy/node_modules/@img/sharp-libvips-linux-arm64
333 silly reify mark deleted [
333 silly reify   '/Users/anandkumar/roomefy/node_modules/@img/sharp-libvips-linux-arm64'
333 silly reify ]
334 verbose reify failed optional dependency /Users/anandkumar/roomefy/node_modules/@img/sharp-libvips-linux-arm
335 silly reify mark deleted [
335 silly reify   '/Users/anandkumar/roomefy/node_modules/@img/sharp-libvips-linux-arm'
335 silly reify ]
336 verbose reify failed optional dependency /Users/anandkumar/roomefy/node_modules/@img/sharp-libvips-darwin-x64
337 silly reify mark deleted [
337 silly reify   '/Users/anandkumar/roomefy/node_modules/@img/sharp-libvips-darwin-x64'
337 silly reify ]
338 verbose reify failed optional dependency /Users/anandkumar/roomefy/node_modules/@img/sharp-darwin-x64
339 silly reify mark deleted [ '/Users/anandkumar/roomefy/node_modules/@img/sharp-darwin-x64' ]
340 verbose reify failed optional dependency /Users/anandkumar/roomefy/node_modules/@esbuild/win32-x64
341 silly reify mark deleted [ '/Users/anandkumar/roomefy/node_modules/@esbuild/win32-x64' ]
342 verbose reify failed optional dependency /Users/anandkumar/roomefy/node_modules/@esbuild/win32-ia32
343 silly reify mark deleted [ '/Users/anandkumar/roomefy/node_modules/@esbuild/win32-ia32' ]
344 verbose reify failed optional dependency /Users/anandkumar/roomefy/node_modules/@esbuild/win32-arm64
345 silly reify mark deleted [ '/Users/anandkumar/roomefy/node_modules/@esbuild/win32-arm64' ]
346 verbose reify failed optional dependency /Users/anandkumar/roomefy/node_modules/@esbuild/sunos-x64
347 silly reify mark deleted [ '/Users/anandkumar/roomefy/node_modules/@esbuild/sunos-x64' ]
348 verbose reify failed optional dependency /Users/anandkumar/roomefy/node_modules/@esbuild/openharmony-arm64
349 silly reify mark deleted [ '/Users/anandkumar/roomefy/node_modules/@esbuild/openharmony-arm64' ]
350 verbose reify failed optional dependency /Users/anandkumar/roomefy/node_modules/@esbuild/openbsd-x64
351 silly reify mark deleted [ '/Users/anandkumar/roomefy/node_modules/@esbuild/openbsd-x64' ]
352 verbose reify failed optional dependency /Users/anandkumar/roomefy/node_modules/@esbuild/openbsd-arm64
353 silly reify mark deleted [ '/Users/anandkumar/roomefy/node_modules/@esbuild/openbsd-arm64' ]
354 verbose reify failed optional dependency /Users/anandkumar/roomefy/node_modules/@esbuild/netbsd-x64
355 silly reify mark deleted [ '/Users/anandkumar/roomefy/node_modules/@esbuild/netbsd-x64' ]
356 verbose reify failed optional dependency /Users/anandkumar/roomefy/node_modules/@esbuild/netbsd-arm64
357 silly reify mark deleted [ '/Users/anandkumar/roomefy/node_modules/@esbuild/netbsd-arm64' ]
358 verbose reify failed optional dependency /Users/anandkumar/roomefy/node_modules/@esbuild/linux-x64
359 silly reify mark deleted [ '/Users/anandkumar/roomefy/node_modules/@esbuild/linux-x64' ]
360 verbose reify failed optional dependency /Users/anandkumar/roomefy/node_modules/@esbuild/linux-s390x
361 silly reify mark deleted [ '/Users/anandkumar/roomefy/node_modules/@esbuild/linux-s390x' ]
362 verbose reify failed optional dependency /Users/anandkumar/roomefy/node_modules/@esbuild/linux-riscv64
363 silly reify mark deleted [ '/Users/anandkumar/roomefy/node_modules/@esbuild/linux-riscv64' ]
364 verbose reify failed optional dependency /Users/anandkumar/roomefy/node_modules/@esbuild/linux-ppc64
365 silly reify mark deleted [ '/Users/anandkumar/roomefy/node_modules/@esbuild/linux-ppc64' ]
366 verbose reify failed optional dependency /Users/anandkumar/roomefy/node_modules/@esbuild/linux-mips64el
367 silly reify mark deleted [ '/Users/anandkumar/roomefy/node_modules/@esbuild/linux-mips64el' ]
368 verbose reify failed optional dependency /Users/anandkumar/roomefy/node_modules/@esbuild/linux-loong64
369 silly reify mark deleted [ '/Users/anandkumar/roomefy/node_modules/@esbuild/linux-loong64' ]
370 verbose reify failed optional dependency /Users/anandkumar/roomefy/node_modules/@esbuild/linux-ia32
371 silly reify mark deleted [ '/Users/anandkumar/roomefy/node_modules/@esbuild/linux-ia32' ]
372 verbose reify failed optional dependency /Users/anandkumar/roomefy/node_modules/@esbuild/linux-arm64
373 silly reify mark deleted [ '/Users/anandkumar/roomefy/node_modules/@esbuild/linux-arm64' ]
374 verbose reify failed optional dependency /Users/anandkumar/roomefy/node_modules/@esbuild/linux-arm
375 silly reify mark deleted [ '/Users/anandkumar/roomefy/node_modules/@esbuild/linux-arm' ]
376 verbose reify failed optional dependency /Users/anandkumar/roomefy/node_modules/@esbuild/freebsd-x64
377 silly reify mark deleted [ '/Users/anandkumar/roomefy/node_modules/@esbuild/freebsd-x64' ]
378 verbose reify failed optional dependency /Users/anandkumar/roomefy/node_modules/@esbuild/freebsd-arm64
379 silly reify mark deleted [ '/Users/anandkumar/roomefy/node_modules/@esbuild/freebsd-arm64' ]
380 verbose reify failed optional dependency /Users/anandkumar/roomefy/node_modules/@esbuild/darwin-x64
381 silly reify mark deleted [ '/Users/anandkumar/roomefy/node_modules/@esbuild/darwin-x64' ]
382 verbose reify failed optional dependency /Users/anandkumar/roomefy/node_modules/@esbuild/android-x64
383 silly reify mark deleted [ '/Users/anandkumar/roomefy/node_modules/@esbuild/android-x64' ]
384 verbose reify failed optional dependency /Users/anandkumar/roomefy/node_modules/@esbuild/android-arm64
385 silly reify mark deleted [ '/Users/anandkumar/roomefy/node_modules/@esbuild/android-arm64' ]
386 verbose reify failed optional dependency /Users/anandkumar/roomefy/node_modules/@esbuild/android-arm
387 silly reify mark deleted [ '/Users/anandkumar/roomefy/node_modules/@esbuild/android-arm' ]
388 verbose reify failed optional dependency /Users/anandkumar/roomefy/node_modules/@esbuild/aix-ppc64
389 silly reify mark deleted [ '/Users/anandkumar/roomefy/node_modules/@esbuild/aix-ppc64' ]
390 http cache multipasta@https://registry.npmjs.org/multipasta/-/multipasta-0.2.7.tgz 0ms (cache hit)
391 http cache @msgpackr-extract/msgpackr-extract-darwin-arm64@https://registry.npmjs.org/@msgpackr-extract/msgpackr-extract-darwin-arm64/-/msgpackr-extract-darwin-arm64-3.0.3.tgz 0ms (cache hit)
392 http cache msgpackr-extract@https://registry.npmjs.org/msgpackr-extract/-/msgpackr-extract-3.0.3.tgz 0ms (cache hit)
393 http cache node-gyp-build-optional-packages@https://registry.npmjs.org/node-gyp-build-optional-packages/-/node-gyp-build-optional-packages-5.2.2.tgz 0ms (cache hit)
394 http cache msgpackr@https://registry.npmjs.org/msgpackr/-/msgpackr-1.11.9.tgz 0ms (cache hit)
395 http cache @opentelemetry/semantic-conventions@https://registry.npmjs.org/@opentelemetry/semantic-conventions/-/semantic-conventions-1.40.0.tgz 0ms (cache hit)
396 http cache sqids@https://registry.npmjs.org/sqids/-/sqids-0.3.0.tgz 0ms (cache hit)
397 http cache file-selector@https://registry.npmjs.org/file-selector/-/file-selector-0.6.0.tgz 0ms (cache hit)
398 http cache @uploadthing/mime-types@https://registry.npmjs.org/@uploadthing/mime-types/-/mime-types-0.3.6.tgz 0ms (cache hit)
399 http cache @uploadthing/shared@https://registry.npmjs.org/@uploadthing/shared/-/shared-7.1.10.tgz 0ms (cache hit)
400 http cache @uploadthing/react@https://registry.npmjs.org/@uploadthing/react/-/react-7.3.3.tgz 0ms (cache hit)
401 http cache @effect/platform@https://registry.npmjs.org/@effect/platform/-/platform-0.90.3.tgz 0ms (cache hit)
402 http cache @standard-schema/spec@https://registry.npmjs.org/@standard-schema/spec/-/spec-1.1.0.tgz 0ms (cache hit)
403 http cache effect@https://registry.npmjs.org/effect/-/effect-3.17.7.tgz 0ms (cache hit)
404 http cache find-my-way-ts@https://registry.npmjs.org/find-my-way-ts/-/find-my-way-ts-0.1.6.tgz 0ms (cache hit)
405 silly tarball no local data for multipasta@https://registry.npmjs.org/multipasta/-/multipasta-0.2.7.tgz. Extracting by manifest.
406 silly tarball no local data for @msgpackr-extract/msgpackr-extract-darwin-arm64@https://registry.npmjs.org/@msgpackr-extract/msgpackr-extract-darwin-arm64/-/msgpackr-extract-darwin-arm64-3.0.3.tgz. Extracting by manifest.
407 silly tarball no local data for msgpackr-extract@https://registry.npmjs.org/msgpackr-extract/-/msgpackr-extract-3.0.3.tgz. Extracting by manifest.
408 silly tarball no local data for node-gyp-build-optional-packages@https://registry.npmjs.org/node-gyp-build-optional-packages/-/node-gyp-build-optional-packages-5.2.2.tgz. Extracting by manifest.
409 silly tarball no local data for msgpackr@https://registry.npmjs.org/msgpackr/-/msgpackr-1.11.9.tgz. Extracting by manifest.
410 http cache @standard-schema/spec@https://registry.npmjs.org/@standard-schema/spec/-/spec-1.0.0-beta.4.tgz 0ms (cache hit)
411 http cache effect@https://registry.npmjs.org/effect/-/effect-3.17.7.tgz 0ms (cache hit)
412 http cache uploadthing@https://registry.npmjs.org/uploadthing/-/uploadthing-7.7.4.tgz 0ms (cache hit)
413 silly tarball no local data for @opentelemetry/semantic-conventions@https://registry.npmjs.org/@opentelemetry/semantic-conventions/-/semantic-conventions-1.40.0.tgz. Extracting by manifest.
414 silly tarball no local data for sqids@https://registry.npmjs.org/sqids/-/sqids-0.3.0.tgz. Extracting by manifest.
415 silly tarball no local data for file-selector@https://registry.npmjs.org/file-selector/-/file-selector-0.6.0.tgz. Extracting by manifest.
416 silly tarball no local data for @uploadthing/mime-types@https://registry.npmjs.org/@uploadthing/mime-types/-/mime-types-0.3.6.tgz. Extracting by manifest.
417 silly tarball no local data for @uploadthing/shared@https://registry.npmjs.org/@uploadthing/shared/-/shared-7.1.10.tgz. Extracting by manifest.
418 silly tarball no local data for @uploadthing/react@https://registry.npmjs.org/@uploadthing/react/-/react-7.3.3.tgz. Extracting by manifest.
419 silly tarball no local data for @effect/platform@https://registry.npmjs.org/@effect/platform/-/platform-0.90.3.tgz. Extracting by manifest.
420 silly tarball no local data for @standard-schema/spec@https://registry.npmjs.org/@standard-schema/spec/-/spec-1.1.0.tgz. Extracting by manifest.
421 silly tarball no local data for effect@https://registry.npmjs.org/effect/-/effect-3.17.7.tgz. Extracting by manifest.
422 silly tarball no local data for find-my-way-ts@https://registry.npmjs.org/find-my-way-ts/-/find-my-way-ts-0.1.6.tgz. Extracting by manifest.
423 silly tarball no local data for effect@https://registry.npmjs.org/effect/-/effect-3.17.7.tgz. Extracting by manifest.
424 silly tarball no local data for uploadthing@https://registry.npmjs.org/uploadthing/-/uploadthing-7.7.4.tgz. Extracting by manifest.
425 silly tarball no local data for @standard-schema/spec@https://registry.npmjs.org/@standard-schema/spec/-/spec-1.0.0-beta.4.tgz. Extracting by manifest.
426 http fetch GET 200 https://registry.npmjs.org/node-gyp-build-optional-packages/-/node-gyp-build-optional-packages-5.2.2.tgz 128ms (cache miss)
427 http fetch GET 200 https://registry.npmjs.org/@msgpackr-extract/msgpackr-extract-darwin-arm64/-/msgpackr-extract-darwin-arm64-3.0.3.tgz 166ms (cache miss)
428 http fetch GET 200 https://registry.npmjs.org/msgpackr-extract/-/msgpackr-extract-3.0.3.tgz 168ms (cache miss)
429 http fetch GET 200 https://registry.npmjs.org/multipasta/-/multipasta-0.2.7.tgz 186ms (cache miss)
430 http fetch GET 200 https://registry.npmjs.org/find-my-way-ts/-/find-my-way-ts-0.1.6.tgz 210ms (cache miss)
431 http fetch GET 200 https://registry.npmjs.org/@standard-schema/spec/-/spec-1.0.0-beta.4.tgz 337ms (cache miss)
432 http fetch GET 200 https://registry.npmjs.org/@uploadthing/shared/-/shared-7.1.10.tgz 449ms (cache miss)
433 http fetch POST 200 https://registry.npmjs.org/-/npm/v1/security/advisories/bulk 641ms
434 silly audit report {
434 silly audit report   defu: [
434 silly audit report     {
434 silly audit report       id: 1116102,
434 silly audit report       url: 'https://github.com/advisories/GHSA-737v-mqg7-c878',
434 silly audit report       title: 'defu: Prototype pollution via `__proto__` key in defaults argument',
434 silly audit report       severity: 'high',
434 silly audit report       vulnerable_versions: '<=6.1.4',
434 silly audit report       cwe: [Array],
434 silly audit report       cvss: [Object]
434 silly audit report     }
434 silly audit report   ],
434 silly audit report   effect: [
434 silly audit report     {
434 silly audit report       id: 1115356,
434 silly audit report       url: 'https://github.com/advisories/GHSA-38f7-945m-qr2g',
434 silly audit report       title: 'Effect `AsyncLocalStorage` context lost/contaminated inside Effect fibers under concurrent load with RPC',
434 silly audit report       severity: 'high',
434 silly audit report       vulnerable_versions: '<3.20.0',
434 silly audit report       cwe: [Array],
434 silly audit report       cvss: [Object]
434 silly audit report     }
434 silly audit report   ]
434 silly audit report }
435 silly packumentCache corgi:https://registry.npmjs.org/defu cache-miss
436 silly packumentCache corgi:https://registry.npmjs.org/effect cache-miss
437 http fetch GET 200 https://registry.npmjs.org/msgpackr/-/msgpackr-1.11.9.tgz 552ms (cache miss)
438 http fetch GET 200 https://registry.npmjs.org/@standard-schema/spec/-/spec-1.1.0.tgz 579ms (cache miss)
439 http fetch GET 200 https://registry.npmjs.org/sqids/-/sqids-0.3.0.tgz 617ms (cache miss)
440 http fetch GET 200 https://registry.npmjs.org/@uploadthing/react/-/react-7.3.3.tgz 629ms (cache miss)
441 http fetch GET 200 https://registry.npmjs.org/file-selector/-/file-selector-0.6.0.tgz 633ms (cache miss)
442 http fetch GET 200 https://registry.npmjs.org/uploadthing/-/uploadthing-7.7.4.tgz 632ms (cache miss)
443 http fetch GET 200 https://registry.npmjs.org/defu 227ms (cache miss)
444 silly packumentCache corgi:https://registry.npmjs.org/defu set size:undefined disposed:false
445 http fetch GET 200 https://registry.npmjs.org/@uploadthing/mime-types/-/mime-types-0.3.6.tgz 769ms (cache miss)
446 http fetch GET 200 https://registry.npmjs.org/effect 235ms (cache miss)
447 silly packumentCache corgi:https://registry.npmjs.org/effect set size:undefined disposed:false
448 silly packumentCache corgi:https://registry.npmjs.org/c12 cache-miss
449 silly packumentCache corgi:https://registry.npmjs.org/giget cache-miss
450 silly packumentCache corgi:https://registry.npmjs.org/rc9 cache-miss
451 http fetch GET 200 https://registry.npmjs.org/giget 81ms (cache miss)
452 silly packumentCache corgi:https://registry.npmjs.org/giget set size:undefined disposed:false
453 http fetch GET 200 https://registry.npmjs.org/c12 83ms (cache miss)
454 silly packumentCache corgi:https://registry.npmjs.org/c12 set size:undefined disposed:false
455 http fetch GET 200 https://registry.npmjs.org/rc9 101ms (cache miss)
456 silly packumentCache corgi:https://registry.npmjs.org/rc9 set size:undefined disposed:false
457 silly packumentCache corgi:https://registry.npmjs.org/@prisma%2fconfig cache-miss
458 silly packumentCache corgi:https://registry.npmjs.org/@effect%2fplatform cache-miss
459 silly packumentCache corgi:https://registry.npmjs.org/@uploadthing%2fshared cache-miss
460 silly packumentCache corgi:https://registry.npmjs.org/uploadthing cache-miss
461 http fetch GET 200 https://registry.npmjs.org/uploadthing 117ms (cache miss)
462 silly packumentCache corgi:https://registry.npmjs.org/uploadthing set size:undefined disposed:false
463 http fetch GET 200 https://registry.npmjs.org/@uploadthing%2fshared 237ms (cache miss)
464 silly packumentCache corgi:https://registry.npmjs.org/@uploadthing%2fshared set size:undefined disposed:false
465 http fetch GET 200 https://registry.npmjs.org/@effect%2fplatform 303ms (cache miss)
466 silly packumentCache corgi:https://registry.npmjs.org/@effect%2fplatform set size:undefined disposed:false
467 http fetch GET 200 https://registry.npmjs.org/@prisma%2fconfig 662ms (cache miss)
468 silly packumentCache corgi:https://registry.npmjs.org/@prisma%2fconfig set size:undefined disposed:false
469 silly packumentCache corgi:https://registry.npmjs.org/@uploadthing%2freact cache-miss
470 http fetch GET 200 https://registry.npmjs.org/@opentelemetry/semantic-conventions/-/semantic-conventions-1.40.0.tgz 1644ms (cache miss)
471 http fetch GET 200 https://registry.npmjs.org/@uploadthing%2freact 171ms (cache miss)
472 silly packumentCache corgi:https://registry.npmjs.org/@uploadthing%2freact set size:undefined disposed:false
473 silly packumentCache corgi:https://registry.npmjs.org/prisma cache-miss
474 http fetch GET 200 https://registry.npmjs.org/@effect/platform/-/platform-0.90.3.tgz 4302ms (cache miss)
475 http fetch GET 200 https://registry.npmjs.org/effect/-/effect-3.17.7.tgz 4495ms (cache miss)
476 http fetch GET 200 https://registry.npmjs.org/effect/-/effect-3.17.7.tgz 5031ms (cache miss)
477 info run msgpackr-extract@3.0.3 install node_modules/msgpackr-extract node-gyp-build-optional-packages
478 http fetch GET 200 https://registry.npmjs.org/prisma 3313ms (cache miss)
479 silly packumentCache corgi:https://registry.npmjs.org/prisma set size:undefined disposed:false
480 silly packumentCache corgi:https://registry.npmjs.org/@prisma%2fclient cache-miss
481 info run msgpackr-extract@3.0.3 install { code: 0, signal: null }
482 http fetch GET 200 https://registry.npmjs.org/@prisma%2fclient 5246ms (cache miss)
483 silly packumentCache corgi:https://registry.npmjs.org/@prisma%2fclient set size:undefined disposed:false
484 silly ADD node_modules/node-gyp-build-optional-packages
485 silly ADD node_modules/@msgpackr-extract/msgpackr-extract-win32-x64
486 silly ADD node_modules/@msgpackr-extract/msgpackr-extract-linux-x64
487 silly ADD node_modules/@msgpackr-extract/msgpackr-extract-linux-arm64
488 silly ADD node_modules/@msgpackr-extract/msgpackr-extract-linux-arm
489 silly ADD node_modules/@msgpackr-extract/msgpackr-extract-darwin-x64
490 silly ADD node_modules/@msgpackr-extract/msgpackr-extract-darwin-arm64
491 silly ADD node_modules/msgpackr-extract
492 silly ADD node_modules/multipasta
493 silly ADD node_modules/msgpackr
494 silly ADD node_modules/find-my-way-ts
495 silly ADD node_modules/@opentelemetry/semantic-conventions
496 silly ADD node_modules/@effect/platform
497 silly ADD node_modules/sqids
498 silly ADD node_modules/@uploadthing/mime-types
499 silly ADD node_modules/file-selector
500 silly ADD node_modules/@uploadthing/shared
501 silly ADD node_modules/@uploadthing/shared/node_modules/effect
502 silly ADD node_modules/uploadthing
503 silly ADD node_modules/uploadthing/node_modules/effect
504 silly ADD node_modules/uploadthing/node_modules/effect/node_modules/@standard-schema/spec
505 silly ADD node_modules/uploadthing/node_modules/@standard-schema/spec
506 silly ADD node_modules/@uploadthing/react
507 silly ADD node_modules/lightningcss-win32-x64-msvc
508 silly ADD node_modules/lightningcss-win32-arm64-msvc
509 silly ADD node_modules/lightningcss-linux-x64-musl
510 silly ADD node_modules/lightningcss-linux-x64-gnu
511 silly ADD node_modules/lightningcss-linux-arm64-musl
512 silly ADD node_modules/lightningcss-linux-arm64-gnu
513 silly ADD node_modules/lightningcss-linux-arm-gnueabihf
514 silly ADD node_modules/lightningcss-freebsd-x64
515 silly ADD node_modules/lightningcss-darwin-x64
516 silly ADD node_modules/lightningcss-android-arm64
517 silly ADD node_modules/@unrs/resolver-binding-win32-x64-msvc
518 silly ADD node_modules/@unrs/resolver-binding-win32-ia32-msvc
519 silly ADD node_modules/@unrs/resolver-binding-win32-arm64-msvc
520 silly ADD node_modules/@unrs/resolver-binding-wasm32-wasi
521 silly ADD node_modules/@unrs/resolver-binding-linux-x64-musl
522 silly ADD node_modules/@unrs/resolver-binding-linux-x64-gnu
523 silly ADD node_modules/@unrs/resolver-binding-linux-s390x-gnu
524 silly ADD node_modules/@unrs/resolver-binding-linux-riscv64-musl
525 silly ADD node_modules/@unrs/resolver-binding-linux-riscv64-gnu
526 silly ADD node_modules/@unrs/resolver-binding-linux-ppc64-gnu
527 silly ADD node_modules/@unrs/resolver-binding-linux-arm64-musl
528 silly ADD node_modules/@unrs/resolver-binding-linux-arm64-gnu
529 silly ADD node_modules/@unrs/resolver-binding-linux-arm-musleabihf
530 silly ADD node_modules/@unrs/resolver-binding-linux-arm-gnueabihf
531 silly ADD node_modules/@unrs/resolver-binding-freebsd-x64
532 silly ADD node_modules/@unrs/resolver-binding-darwin-x64
533 silly ADD node_modules/@unrs/resolver-binding-android-arm64
534 silly ADD node_modules/@unrs/resolver-binding-android-arm-eabi
535 silly ADD node_modules/@tailwindcss/oxide-win32-x64-msvc
536 silly ADD node_modules/@tailwindcss/oxide-win32-arm64-msvc
537 silly ADD node_modules/@tailwindcss/oxide-wasm32-wasi
538 silly ADD node_modules/@tailwindcss/oxide-linux-x64-musl
539 silly ADD node_modules/@tailwindcss/oxide-linux-x64-gnu
540 silly ADD node_modules/@tailwindcss/oxide-linux-arm64-musl
541 silly ADD node_modules/@tailwindcss/oxide-linux-arm64-gnu
542 silly ADD node_modules/@tailwindcss/oxide-linux-arm-gnueabihf
543 silly ADD node_modules/@tailwindcss/oxide-freebsd-x64
544 silly ADD node_modules/@tailwindcss/oxide-darwin-x64
545 silly ADD node_modules/@tailwindcss/oxide-android-arm64
546 silly ADD node_modules/@next/swc-win32-x64-msvc
547 silly ADD node_modules/@next/swc-win32-arm64-msvc
548 silly ADD node_modules/@next/swc-linux-x64-musl
549 silly ADD node_modules/@next/swc-linux-x64-gnu
550 silly ADD node_modules/@next/swc-linux-arm64-musl
551 silly ADD node_modules/@next/swc-linux-arm64-gnu
552 silly ADD node_modules/@next/swc-darwin-x64
553 silly ADD node_modules/@img/sharp-win32-x64
554 silly ADD node_modules/@img/sharp-win32-ia32
555 silly ADD node_modules/@img/sharp-win32-arm64
556 silly ADD node_modules/@img/sharp-wasm32
557 silly ADD node_modules/@img/sharp-linuxmusl-x64
558 silly ADD node_modules/@img/sharp-linuxmusl-arm64
559 silly ADD node_modules/@img/sharp-linux-x64
560 silly ADD node_modules/@img/sharp-linux-s390x
561 silly ADD node_modules/@img/sharp-linux-riscv64
562 silly ADD node_modules/@img/sharp-linux-ppc64
563 silly ADD node_modules/@img/sharp-linux-arm64
564 silly ADD node_modules/@img/sharp-linux-arm
565 silly ADD node_modules/@img/sharp-libvips-linuxmusl-x64
566 silly ADD node_modules/@img/sharp-libvips-linuxmusl-arm64
567 silly ADD node_modules/@img/sharp-libvips-linux-x64
568 silly ADD node_modules/@img/sharp-libvips-linux-s390x
569 silly ADD node_modules/@img/sharp-libvips-linux-riscv64
570 silly ADD node_modules/@img/sharp-libvips-linux-ppc64
571 silly ADD node_modules/@img/sharp-libvips-linux-arm64
572 silly ADD node_modules/@img/sharp-libvips-linux-arm
573 silly ADD node_modules/@img/sharp-libvips-darwin-x64
574 silly ADD node_modules/@img/sharp-darwin-x64
575 silly ADD node_modules/@esbuild/win32-x64
576 silly ADD node_modules/@esbuild/win32-ia32
577 silly ADD node_modules/@esbuild/win32-arm64
578 silly ADD node_modules/@esbuild/sunos-x64
579 silly ADD node_modules/@esbuild/openharmony-arm64
580 silly ADD node_modules/@esbuild/openbsd-x64
581 silly ADD node_modules/@esbuild/openbsd-arm64
582 silly ADD node_modules/@esbuild/netbsd-x64
583 silly ADD node_modules/@esbuild/netbsd-arm64
584 silly ADD node_modules/@esbuild/linux-x64
585 silly ADD node_modules/@esbuild/linux-s390x
586 silly ADD node_modules/@esbuild/linux-riscv64
587 silly ADD node_modules/@esbuild/linux-ppc64
588 silly ADD node_modules/@esbuild/linux-mips64el
589 silly ADD node_modules/@esbuild/linux-loong64
590 silly ADD node_modules/@esbuild/linux-ia32
591 silly ADD node_modules/@esbuild/linux-arm64
592 silly ADD node_modules/@esbuild/linux-arm
593 silly ADD node_modules/@esbuild/freebsd-x64
594 silly ADD node_modules/@esbuild/freebsd-arm64
595 silly ADD node_modules/@esbuild/darwin-x64
596 silly ADD node_modules/@esbuild/android-x64
597 silly ADD node_modules/@esbuild/android-arm64
598 silly ADD node_modules/@esbuild/android-arm
599 silly ADD node_modules/@esbuild/aix-ppc64
600 verbose cwd /Users/anandkumar/roomefy
601 verbose os Darwin 25.3.0
602 verbose node v24.11.0
603 verbose npm  v11.6.1
604 notice
604 notice New [33mminor[39m version of npm available! [33m11.6.1[39m -> [34m11.12.1[39m
604 notice Changelog: [34mhttps://github.com/npm/cli/releases/tag/v11.12.1[39m
604 notice To update run: [4mnpm install -g npm@11.12.1[24m
604 notice  { force: true, Symbol(proc-log.meta): true }
605 verbose exit 0
606 info ok
